#
# A fatal error has been detected by the Java Runtime Environment:
#
#  SIGSEGV (0xb) at pc=0x0000000102e0b9b4, pid=14583, tid=4611
#
# JRE version: OpenJDK Runtime Environment Homebrew (17.0.14) (build 17.0.14+0)
# Java VM: OpenJDK 64-Bit Server VM Homebrew (17.0.14+0, mixed mode, sharing, tiered, compressed oops, compressed class ptrs, g1 gc, bsd-aarch64)
# Problematic frame:
# C  [rsession-arm64+0x97b9b4]  rstudio_boost::asio::placeholders::bytes_transferred()+0x1a8f78
#
# No core dump will be written. Core dumps have been disabled. To enable core dumping, try "ulimit -c unlimited" before starting Java again
#
# If you would like to submit a bug report, please visit:
#   https://github.com/Homebrew/homebrew-core/issues
#

---------------  S U M M A R Y ------------

Command Line: -Djava.awt.headless=true -Xmx512m -Xrs vfprintf exit -Xss2m 

Host: "Macmini9,1" arm64, 8 cores, 16G, Darwin 23.5.0, macOS 14.5 (23F79)
Time: Sat May 17 12:15:48 2025 PDT elapsed time: 91576.906294 seconds (1d 1h 26m 16s)

---------------  T H R E A D  ---------------

Current thread is native thread

Stack: [0x000000016db18000,0x000000016db9b000],  sp=0x000000016db9abb0,  free space=522k
Native frames: (J=compiled Java code, j=interpreted, Vv=VM code, C=native code)
C  [rsession-arm64+0x97b9b4]  rstudio_boost::asio::placeholders::bytes_transferred()+0x1a8f78
C  [rsession-arm64+0x97b35c]  rstudio_boost::asio::placeholders::bytes_transferred()+0x1a8920
C  [rsession-arm64+0x97aebc]  rstudio_boost::asio::placeholders::bytes_transferred()+0x1a8480
C  [rsession-arm64+0x9dca3c]  rstudio_boost::asio::detail::descriptor_write_op_base<rstudio_boost::asio::const_buffers_1>::do_perform(rstudio_boost::asio::detail::reactor_op*)+0x9a24
C  [rsession-arm64+0x9769d8]  rstudio_boost::asio::placeholders::bytes_transferred()+0x1a3f9c
C  [rsession-arm64+0xb04a1c]  rstudio_boost::asio::detail::descriptor_write_op_base<rstudio_boost::asio::const_buffers_1>::do_perform(rstudio_boost::asio::detail::reactor_op*)+0x131a04
C  [libsystem_pthread.dylib+0x6f94]  _pthread_start+0x88


siginfo: si_signo: 11 (SIGSEGV), si_code: 2 (SEGV_ACCERR), si_addr: 0x00000000000008f7

Registers:
 x0=0x0000000000000800  x1=0x0000000157fb6cf0  x2=0x0000000000000024  x3=0x0000000000000000
 x4=0x0000000000000000  x5=0x0000000000000000  x6=0x0000000000000024  x7=0x0000000157fb6cf0
 x8=0x0000000000000000  x9=0x0000000000000008 x10=0x0000000000000000 x11=0x00000000000004a0
x12=0x00000000000004a0 x13=0x00000000000004a0 x14=0x00000000ffffffff x15=0x0000000000281022
x16=0x00000001838d71a0 x17=0x00000001f5a91eb0 x18=0x0000000000000000 x19=0x0000000000000800
x20=0x000000016db9acf8 x21=0x0000000120ae5400 x22=0x0000000000000001 x23=0x000000010336b208
x24=0x0000000120ae5200 x25=0x0000000000000002 x26=0x0000000000000000 x27=0x000000000003d090
x28=0x000000010336b000  fp=0x000000016db9abc0  lr=0x0000000102e0b35c  sp=0x000000016db9abb0
pc=0x0000000102e0b9b4 cpsr=0x0000000060001000

Top of Stack: (sp=0x000000016db9abb0)
0x000000016db9abb0:   000000016db9acf8 0000000159204140
0x000000016db9abc0:   000000016db9ac80 0000000102e0b35c
0x000000016db9abd0:   0000000000000000 0000000000000000
0x000000016db9abe0:   0000000000000000 000000016db9af28
0x000000016db9abf0:   00000001f052db88 000000016db9acd8
0x000000016db9ac00:   000000016db9ac80 9818000102e0ab48
0x000000016db9ac10:   0000000000000000 0000000000000000
0x000000016db9ac20:   0000000000000000 000000016db9af28
0x000000016db9ac30:   000000015941d710 0000000159204140
0x000000016db9ac40:   0000000000000000 0000000000000000
0x000000016db9ac50:   0000000000000000 0000000000000000
0x000000016db9ac60:   0000000000000000 000000016db9af28
0x000000016db9ac70:   00000001f052db88 000000016db9acf8
0x000000016db9ac80:   000000016db9ae50 0000000102e0aebc
0x000000016db9ac90:   00000000000000c0 000000016db9add8
0x000000016db9aca0:   000000016db9ad18 000000016db9ad00
0x000000016db9acb0:   000000016db9ad38 000008fcdd002c00
0x000000016db9acc0:   0000000000000000 0000000000000000
0x000000016db9acd0:   0000000200000002 000000000003d090
0x000000016db9ace0:   0000000159419090 000000016db9b0e0
0x000000016db9acf0:   0000000000000002 0000000000000002
0x000000016db9ad00:   0000000157f9bb60 0000000157f89c00
0x000000016db9ad10:   0000000159400000 0000000000000000
0x000000016db9ad20:   0000000103834080 0000000103851e00
0x000000016db9ad30:   000000016db9adb0 0000000000000000
0x000000016db9ad40:   e97e6f9dc4270062 0000000103834008
0x000000016db9ad50:   0000000159419090 0000000000000000
0x000000016db9ad60:   0000000000000003 0000000000000000
0x000000016db9ad70:   00000001591328c0 0000000000000000
0x000000016db9ad80:   0000000159113670 0000000000000003
0x000000016db9ad90:   00000001f05208c0 0000000000000000
0x000000016db9ada0:   0000000159183600 00000001591835f0 

Instructions: (pc=0x0000000102e0b9b4)
0x0000000102e0b8b4:   e0 03 13 aa 66 56 0a 94 df 2d da 97 ff 03 01 d1
0x0000000102e0b8c4:   f4 4f 02 a9 fd 7b 03 a9 fd c3 00 91 f3 03 00 aa
0x0000000102e0b8d4:   ff 03 00 f9 28 00 40 f9 e8 01 00 b4 e8 03 00 f9
0x0000000102e0b8e4:   28 01 00 37 08 f9 7f 92 08 01 40 f9 20 20 00 91
0x0000000102e0b8f4:   e9 03 00 91 21 21 00 91 02 00 80 52 00 01 3f d6
0x0000000102e0b904:   05 00 00 14 20 80 c0 3c e0 83 80 3c 28 0c 40 f9
0x0000000102e0b914:   e8 0f 00 f9 e0 03 00 91 e1 03 13 aa 8c 7f e6 97
0x0000000102e0b924:   e8 03 40 f9 48 01 00 b4 28 01 00 37 08 f9 7f 92
0x0000000102e0b934:   08 01 40 f9 c8 00 00 b4 e9 03 00 91 20 21 00 91
0x0000000102e0b944:   e1 03 00 aa 42 00 80 52 00 01 3f d6 e0 03 13 aa
0x0000000102e0b954:   fd 7b 43 a9 f4 4f 42 a9 ff 03 01 91 c0 03 5f d6
0x0000000102e0b964:   b5 2d da 97 f3 03 00 aa e8 03 40 f9 48 01 00 b4
0x0000000102e0b974:   28 01 00 37 08 f9 7f 92 08 01 40 f9 c8 00 00 b4
0x0000000102e0b984:   e9 03 00 91 20 21 00 91 e1 03 00 aa 42 00 80 52
0x0000000102e0b994:   00 01 3f d6 e0 03 13 aa 2d 56 0a 94 a6 2d da 97
0x0000000102e0b9a4:   f4 4f be a9 fd 7b 01 a9 fd 43 00 91 f3 03 00 aa
0x0000000102e0b9b4:   08 dc c3 39 68 00 f8 36 60 72 40 f9 1b 59 0a 94
0x0000000102e0b9c4:   60 02 01 91 fc 73 e2 97 68 12 40 f9 48 01 00 b4
0x0000000102e0b9d4:   08 01 00 37 08 f9 7f 92 08 01 40 f9 a8 00 00 b4
0x0000000102e0b9e4:   60 a2 00 91 e1 03 00 aa 42 00 80 52 00 01 3f d6
0x0000000102e0b9f4:   7f 12 00 f9 73 0a 40 f9 b3 00 00 b4 68 22 00 91
0x0000000102e0ba04:   09 00 80 92 08 01 e9 f8 88 00 00 b4 fd 7b 41 a9
0x0000000102e0ba14:   f4 4f c2 a8 c0 03 5f d6 68 02 40 f9 08 09 40 f9
0x0000000102e0ba24:   e0 03 13 aa 00 01 3f d6 e0 03 13 aa fd 7b 41 a9
0x0000000102e0ba34:   f4 4f c2 a8 61 58 0a 14 7f 2d da 97 ff 83 02 d1
0x0000000102e0ba44:   f6 57 07 a9 f4 4f 08 a9 fd 7b 09 a9 fd 43 02 91
0x0000000102e0ba54:   f5 03 01 aa f3 03 00 aa 14 04 40 f9 e0 03 14 aa
0x0000000102e0ba64:   17 5b 0a 94 e1 03 00 aa 3f 10 00 71 80 ff ff 54
0x0000000102e0ba74:   01 08 00 35 68 a6 42 a9 2a 01 08 eb 4a ed 7c d3
0x0000000102e0ba84:   4a 05 00 d1 eb 03 8a 9a 6a 32 44 a9 8a 01 0a 8b
0x0000000102e0ba94:   7f 01 0a eb c1 00 00 54 60 82 00 91 9d 01 00 94
0x0000000102e0baa4:   6b 2a 44 a9 68 a6 42 a9 6a 01 0a 8b 3f 01 08 eb 



---------------  P R O C E S S  ---------------

VM state: not at safepoint (normal execution)

VM Mutex/Monitor currently owned by a thread: None

Heap address: 0x00000007e0000000, size: 512 MB, Compressed Oops mode: Zero based, Oop shift amount: 3

CDS archive(s) mapped at: [0x0000000800000000-0x0000000800bc0000-0x0000000800bc0000), size 12320768, SharedBaseAddress: 0x0000000800000000, ArchiveRelocationMode: 1.
Compressed class space mapped at: 0x0000000801000000-0x0000000841000000, reserved size: 1073741824
Narrow klass base: 0x0000000800000000, Narrow klass shift: 0, Narrow klass range: 0x100000000

GC Precious Log:
<Skipped>

Heap:
 garbage-first heap   total 264192K, used 18254K [0x00000007e0000000, 0x0000000800000000)
  region size 1024K, 16 young (16384K), 0 survivors (0K)
 Metaspace       used 4500K, committed 4672K, reserved 1114112K
  class space    used 589K, committed 640K, reserved 1048576K

Heap Regions: E=young(eden), S=young(survivor), O=old, HS=humongous(starts), HC=humongous(continues), CS=collection set, F=free, OA=open archive, CA=closed archive, TAMS=top-at-mark-start (previous, next)
|   0|0x00000007e0000000, 0x00000007e0100000, 0x00000007e0100000|100%|HS|  |TAMS 0x00000007e0000000, 0x00000007e0000000| Complete 
|   1|0x00000007e0100000, 0x00000007e0100000, 0x00000007e0200000|  0%| F|  |TAMS 0x00000007e0100000, 0x00000007e0100000| Untracked 
|   2|0x00000007e0200000, 0x00000007e0200000, 0x00000007e0300000|  0%| F|  |TAMS 0x00000007e0200000, 0x00000007e0200000| Untracked 
|   3|0x00000007e0300000, 0x00000007e0300000, 0x00000007e0400000|  0%| F|  |TAMS 0x00000007e0300000, 0x00000007e0300000| Untracked 
|   4|0x00000007e0400000, 0x00000007e0400000, 0x00000007e0500000|  0%| F|  |TAMS 0x00000007e0400000, 0x00000007e0400000| Untracked 
|   5|0x00000007e0500000, 0x00000007e0500000, 0x00000007e0600000|  0%| F|  |TAMS 0x00000007e0500000, 0x00000007e0500000| Untracked 
|   6|0x00000007e0600000, 0x00000007e0600000, 0x00000007e0700000|  0%| F|  |TAMS 0x00000007e0600000, 0x00000007e0600000| Untracked 
|   7|0x00000007e0700000, 0x00000007e0700000, 0x00000007e0800000|  0%| F|  |TAMS 0x00000007e0700000, 0x00000007e0700000| Untracked 
|   8|0x00000007e0800000, 0x00000007e0800000, 0x00000007e0900000|  0%| F|  |TAMS 0x00000007e0800000, 0x00000007e0800000| Untracked 
|   9|0x00000007e0900000, 0x00000007e0900000, 0x00000007e0a00000|  0%| F|  |TAMS 0x00000007e0900000, 0x00000007e0900000| Untracked 
|  10|0x00000007e0a00000, 0x00000007e0a00000, 0x00000007e0b00000|  0%| F|  |TAMS 0x00000007e0a00000, 0x00000007e0a00000| Untracked 
|  11|0x00000007e0b00000, 0x00000007e0b00000, 0x00000007e0c00000|  0%| F|  |TAMS 0x00000007e0b00000, 0x00000007e0b00000| Untracked 
|  12|0x00000007e0c00000, 0x00000007e0c00000, 0x00000007e0d00000|  0%| F|  |TAMS 0x00000007e0c00000, 0x00000007e0c00000| Untracked 
|  13|0x00000007e0d00000, 0x00000007e0d00000, 0x00000007e0e00000|  0%| F|  |TAMS 0x00000007e0d00000, 0x00000007e0d00000| Untracked 
|  14|0x00000007e0e00000, 0x00000007e0e00000, 0x00000007e0f00000|  0%| F|  |TAMS 0x00000007e0e00000, 0x00000007e0e00000| Untracked 
|  15|0x00000007e0f00000, 0x00000007e0f00000, 0x00000007e1000000|  0%| F|  |TAMS 0x00000007e0f00000, 0x00000007e0f00000| Untracked 
|  16|0x00000007e1000000, 0x00000007e1000000, 0x00000007e1100000|  0%| F|  |TAMS 0x00000007e1000000, 0x00000007e1000000| Untracked 
|  17|0x00000007e1100000, 0x00000007e1100000, 0x00000007e1200000|  0%| F|  |TAMS 0x00000007e1100000, 0x00000007e1100000| Untracked 
|  18|0x00000007e1200000, 0x00000007e1200000, 0x00000007e1300000|  0%| F|  |TAMS 0x00000007e1200000, 0x00000007e1200000| Untracked 
|  19|0x00000007e1300000, 0x00000007e1300000, 0x00000007e1400000|  0%| F|  |TAMS 0x00000007e1300000, 0x00000007e1300000| Untracked 
|  20|0x00000007e1400000, 0x00000007e1400000, 0x00000007e1500000|  0%| F|  |TAMS 0x00000007e1400000, 0x00000007e1400000| Untracked 
|  21|0x00000007e1500000, 0x00000007e1500000, 0x00000007e1600000|  0%| F|  |TAMS 0x00000007e1500000, 0x00000007e1500000| Untracked 
|  22|0x00000007e1600000, 0x00000007e1600000, 0x00000007e1700000|  0%| F|  |TAMS 0x00000007e1600000, 0x00000007e1600000| Untracked 
|  23|0x00000007e1700000, 0x00000007e1700000, 0x00000007e1800000|  0%| F|  |TAMS 0x00000007e1700000, 0x00000007e1700000| Untracked 
|  24|0x00000007e1800000, 0x00000007e1800000, 0x00000007e1900000|  0%| F|  |TAMS 0x00000007e1800000, 0x00000007e1800000| Untracked 
|  25|0x00000007e1900000, 0x00000007e1900000, 0x00000007e1a00000|  0%| F|  |TAMS 0x00000007e1900000, 0x00000007e1900000| Untracked 
|  26|0x00000007e1a00000, 0x00000007e1a00000, 0x00000007e1b00000|  0%| F|  |TAMS 0x00000007e1a00000, 0x00000007e1a00000| Untracked 
|  27|0x00000007e1b00000, 0x00000007e1b00000, 0x00000007e1c00000|  0%| F|  |TAMS 0x00000007e1b00000, 0x00000007e1b00000| Untracked 
|  28|0x00000007e1c00000, 0x00000007e1c00000, 0x00000007e1d00000|  0%| F|  |TAMS 0x00000007e1c00000, 0x00000007e1c00000| Untracked 
|  29|0x00000007e1d00000, 0x00000007e1d00000, 0x00000007e1e00000|  0%| F|  |TAMS 0x00000007e1d00000, 0x00000007e1d00000| Untracked 
|  30|0x00000007e1e00000, 0x00000007e1e00000, 0x00000007e1f00000|  0%| F|  |TAMS 0x00000007e1e00000, 0x00000007e1e00000| Untracked 
|  31|0x00000007e1f00000, 0x00000007e1f00000, 0x00000007e2000000|  0%| F|  |TAMS 0x00000007e1f00000, 0x00000007e1f00000| Untracked 
|  32|0x00000007e2000000, 0x00000007e2000000, 0x00000007e2100000|  0%| F|  |TAMS 0x00000007e2000000, 0x00000007e2000000| Untracked 
|  33|0x00000007e2100000, 0x00000007e2100000, 0x00000007e2200000|  0%| F|  |TAMS 0x00000007e2100000, 0x00000007e2100000| Untracked 
|  34|0x00000007e2200000, 0x00000007e2200000, 0x00000007e2300000|  0%| F|  |TAMS 0x00000007e2200000, 0x00000007e2200000| Untracked 
|  35|0x00000007e2300000, 0x00000007e2300000, 0x00000007e2400000|  0%| F|  |TAMS 0x00000007e2300000, 0x00000007e2300000| Untracked 
|  36|0x00000007e2400000, 0x00000007e2400000, 0x00000007e2500000|  0%| F|  |TAMS 0x00000007e2400000, 0x00000007e2400000| Untracked 
|  37|0x00000007e2500000, 0x00000007e2500000, 0x00000007e2600000|  0%| F|  |TAMS 0x00000007e2500000, 0x00000007e2500000| Untracked 
|  38|0x00000007e2600000, 0x00000007e2600000, 0x00000007e2700000|  0%| F|  |TAMS 0x00000007e2600000, 0x00000007e2600000| Untracked 
|  39|0x00000007e2700000, 0x00000007e2700000, 0x00000007e2800000|  0%| F|  |TAMS 0x00000007e2700000, 0x00000007e2700000| Untracked 
|  40|0x00000007e2800000, 0x00000007e2800000, 0x00000007e2900000|  0%| F|  |TAMS 0x00000007e2800000, 0x00000007e2800000| Untracked 
|  41|0x00000007e2900000, 0x00000007e2900000, 0x00000007e2a00000|  0%| F|  |TAMS 0x00000007e2900000, 0x00000007e2900000| Untracked 
|  42|0x00000007e2a00000, 0x00000007e2a00000, 0x00000007e2b00000|  0%| F|  |TAMS 0x00000007e2a00000, 0x00000007e2a00000| Untracked 
|  43|0x00000007e2b00000, 0x00000007e2b00000, 0x00000007e2c00000|  0%| F|  |TAMS 0x00000007e2b00000, 0x00000007e2b00000| Untracked 
|  44|0x00000007e2c00000, 0x00000007e2c00000, 0x00000007e2d00000|  0%| F|  |TAMS 0x00000007e2c00000, 0x00000007e2c00000| Untracked 
|  45|0x00000007e2d00000, 0x00000007e2d00000, 0x00000007e2e00000|  0%| F|  |TAMS 0x00000007e2d00000, 0x00000007e2d00000| Untracked 
|  46|0x00000007e2e00000, 0x00000007e2e00000, 0x00000007e2f00000|  0%| F|  |TAMS 0x00000007e2e00000, 0x00000007e2e00000| Untracked 
|  47|0x00000007e2f00000, 0x00000007e2f00000, 0x00000007e3000000|  0%| F|  |TAMS 0x00000007e2f00000, 0x00000007e2f00000| Untracked 
|  48|0x00000007e3000000, 0x00000007e3000000, 0x00000007e3100000|  0%| F|  |TAMS 0x00000007e3000000, 0x00000007e3000000| Untracked 
|  49|0x00000007e3100000, 0x00000007e3100000, 0x00000007e3200000|  0%| F|  |TAMS 0x00000007e3100000, 0x00000007e3100000| Untracked 
|  50|0x00000007e3200000, 0x00000007e3200000, 0x00000007e3300000|  0%| F|  |TAMS 0x00000007e3200000, 0x00000007e3200000| Untracked 
|  51|0x00000007e3300000, 0x00000007e3300000, 0x00000007e3400000|  0%| F|  |TAMS 0x00000007e3300000, 0x00000007e3300000| Untracked 
|  52|0x00000007e3400000, 0x00000007e3400000, 0x00000007e3500000|  0%| F|  |TAMS 0x00000007e3400000, 0x00000007e3400000| Untracked 
|  53|0x00000007e3500000, 0x00000007e3500000, 0x00000007e3600000|  0%| F|  |TAMS 0x00000007e3500000, 0x00000007e3500000| Untracked 
|  54|0x00000007e3600000, 0x00000007e3600000, 0x00000007e3700000|  0%| F|  |TAMS 0x00000007e3600000, 0x00000007e3600000| Untracked 
|  55|0x00000007e3700000, 0x00000007e3700000, 0x00000007e3800000|  0%| F|  |TAMS 0x00000007e3700000, 0x00000007e3700000| Untracked 
|  56|0x00000007e3800000, 0x00000007e3800000, 0x00000007e3900000|  0%| F|  |TAMS 0x00000007e3800000, 0x00000007e3800000| Untracked 
|  57|0x00000007e3900000, 0x00000007e3900000, 0x00000007e3a00000|  0%| F|  |TAMS 0x00000007e3900000, 0x00000007e3900000| Untracked 
|  58|0x00000007e3a00000, 0x00000007e3a00000, 0x00000007e3b00000|  0%| F|  |TAMS 0x00000007e3a00000, 0x00000007e3a00000| Untracked 
|  59|0x00000007e3b00000, 0x00000007e3b00000, 0x00000007e3c00000|  0%| F|  |TAMS 0x00000007e3b00000, 0x00000007e3b00000| Untracked 
|  60|0x00000007e3c00000, 0x00000007e3c00000, 0x00000007e3d00000|  0%| F|  |TAMS 0x00000007e3c00000, 0x00000007e3c00000| Untracked 
|  61|0x00000007e3d00000, 0x00000007e3d00000, 0x00000007e3e00000|  0%| F|  |TAMS 0x00000007e3d00000, 0x00000007e3d00000| Untracked 
|  62|0x00000007e3e00000, 0x00000007e3e00000, 0x00000007e3f00000|  0%| F|  |TAMS 0x00000007e3e00000, 0x00000007e3e00000| Untracked 
|  63|0x00000007e3f00000, 0x00000007e3f00000, 0x00000007e4000000|  0%| F|  |TAMS 0x00000007e3f00000, 0x00000007e3f00000| Untracked 
|  64|0x00000007e4000000, 0x00000007e4000000, 0x00000007e4100000|  0%| F|  |TAMS 0x00000007e4000000, 0x00000007e4000000| Untracked 
|  65|0x00000007e4100000, 0x00000007e4100000, 0x00000007e4200000|  0%| F|  |TAMS 0x00000007e4100000, 0x00000007e4100000| Untracked 
|  66|0x00000007e4200000, 0x00000007e4200000, 0x00000007e4300000|  0%| F|  |TAMS 0x00000007e4200000, 0x00000007e4200000| Untracked 
|  67|0x00000007e4300000, 0x00000007e4300000, 0x00000007e4400000|  0%| F|  |TAMS 0x00000007e4300000, 0x00000007e4300000| Untracked 
|  68|0x00000007e4400000, 0x00000007e4400000, 0x00000007e4500000|  0%| F|  |TAMS 0x00000007e4400000, 0x00000007e4400000| Untracked 
|  69|0x00000007e4500000, 0x00000007e4500000, 0x00000007e4600000|  0%| F|  |TAMS 0x00000007e4500000, 0x00000007e4500000| Untracked 
|  70|0x00000007e4600000, 0x00000007e4600000, 0x00000007e4700000|  0%| F|  |TAMS 0x00000007e4600000, 0x00000007e4600000| Untracked 
|  71|0x00000007e4700000, 0x00000007e4700000, 0x00000007e4800000|  0%| F|  |TAMS 0x00000007e4700000, 0x00000007e4700000| Untracked 
|  72|0x00000007e4800000, 0x00000007e4800000, 0x00000007e4900000|  0%| F|  |TAMS 0x00000007e4800000, 0x00000007e4800000| Untracked 
|  73|0x00000007e4900000, 0x00000007e4900000, 0x00000007e4a00000|  0%| F|  |TAMS 0x00000007e4900000, 0x00000007e4900000| Untracked 
|  74|0x00000007e4a00000, 0x00000007e4a00000, 0x00000007e4b00000|  0%| F|  |TAMS 0x00000007e4a00000, 0x00000007e4a00000| Untracked 
|  75|0x00000007e4b00000, 0x00000007e4b00000, 0x00000007e4c00000|  0%| F|  |TAMS 0x00000007e4b00000, 0x00000007e4b00000| Untracked 
|  76|0x00000007e4c00000, 0x00000007e4c00000, 0x00000007e4d00000|  0%| F|  |TAMS 0x00000007e4c00000, 0x00000007e4c00000| Untracked 
|  77|0x00000007e4d00000, 0x00000007e4d00000, 0x00000007e4e00000|  0%| F|  |TAMS 0x00000007e4d00000, 0x00000007e4d00000| Untracked 
|  78|0x00000007e4e00000, 0x00000007e4e00000, 0x00000007e4f00000|  0%| F|  |TAMS 0x00000007e4e00000, 0x00000007e4e00000| Untracked 
|  79|0x00000007e4f00000, 0x00000007e4f00000, 0x00000007e5000000|  0%| F|  |TAMS 0x00000007e4f00000, 0x00000007e4f00000| Untracked 
|  80|0x00000007e5000000, 0x00000007e5000000, 0x00000007e5100000|  0%| F|  |TAMS 0x00000007e5000000, 0x00000007e5000000| Untracked 
|  81|0x00000007e5100000, 0x00000007e5100000, 0x00000007e5200000|  0%| F|  |TAMS 0x00000007e5100000, 0x00000007e5100000| Untracked 
|  82|0x00000007e5200000, 0x00000007e5200000, 0x00000007e5300000|  0%| F|  |TAMS 0x00000007e5200000, 0x00000007e5200000| Untracked 
|  83|0x00000007e5300000, 0x00000007e5300000, 0x00000007e5400000|  0%| F|  |TAMS 0x00000007e5300000, 0x00000007e5300000| Untracked 
|  84|0x00000007e5400000, 0x00000007e5400000, 0x00000007e5500000|  0%| F|  |TAMS 0x00000007e5400000, 0x00000007e5400000| Untracked 
|  85|0x00000007e5500000, 0x00000007e5500000, 0x00000007e5600000|  0%| F|  |TAMS 0x00000007e5500000, 0x00000007e5500000| Untracked 
|  86|0x00000007e5600000, 0x00000007e5600000, 0x00000007e5700000|  0%| F|  |TAMS 0x00000007e5600000, 0x00000007e5600000| Untracked 
|  87|0x00000007e5700000, 0x00000007e5700000, 0x00000007e5800000|  0%| F|  |TAMS 0x00000007e5700000, 0x00000007e5700000| Untracked 
|  88|0x00000007e5800000, 0x00000007e5800000, 0x00000007e5900000|  0%| F|  |TAMS 0x00000007e5800000, 0x00000007e5800000| Untracked 
|  89|0x00000007e5900000, 0x00000007e5900000, 0x00000007e5a00000|  0%| F|  |TAMS 0x00000007e5900000, 0x00000007e5900000| Untracked 
|  90|0x00000007e5a00000, 0x00000007e5a00000, 0x00000007e5b00000|  0%| F|  |TAMS 0x00000007e5a00000, 0x00000007e5a00000| Untracked 
|  91|0x00000007e5b00000, 0x00000007e5b00000, 0x00000007e5c00000|  0%| F|  |TAMS 0x00000007e5b00000, 0x00000007e5b00000| Untracked 
|  92|0x00000007e5c00000, 0x00000007e5c00000, 0x00000007e5d00000|  0%| F|  |TAMS 0x00000007e5c00000, 0x00000007e5c00000| Untracked 
|  93|0x00000007e5d00000, 0x00000007e5d00000, 0x00000007e5e00000|  0%| F|  |TAMS 0x00000007e5d00000, 0x00000007e5d00000| Untracked 
|  94|0x00000007e5e00000, 0x00000007e5e00000, 0x00000007e5f00000|  0%| F|  |TAMS 0x00000007e5e00000, 0x00000007e5e00000| Untracked 
|  95|0x00000007e5f00000, 0x00000007e5f00000, 0x00000007e6000000|  0%| F|  |TAMS 0x00000007e5f00000, 0x00000007e5f00000| Untracked 
|  96|0x00000007e6000000, 0x00000007e6000000, 0x00000007e6100000|  0%| F|  |TAMS 0x00000007e6000000, 0x00000007e6000000| Untracked 
|  97|0x00000007e6100000, 0x00000007e6100000, 0x00000007e6200000|  0%| F|  |TAMS 0x00000007e6100000, 0x00000007e6100000| Untracked 
|  98|0x00000007e6200000, 0x00000007e6200000, 0x00000007e6300000|  0%| F|  |TAMS 0x00000007e6200000, 0x00000007e6200000| Untracked 
|  99|0x00000007e6300000, 0x00000007e6300000, 0x00000007e6400000|  0%| F|  |TAMS 0x00000007e6300000, 0x00000007e6300000| Untracked 
| 100|0x00000007e6400000, 0x00000007e6400000, 0x00000007e6500000|  0%| F|  |TAMS 0x00000007e6400000, 0x00000007e6400000| Untracked 
| 101|0x00000007e6500000, 0x00000007e6500000, 0x00000007e6600000|  0%| F|  |TAMS 0x00000007e6500000, 0x00000007e6500000| Untracked 
| 102|0x00000007e6600000, 0x00000007e6600000, 0x00000007e6700000|  0%| F|  |TAMS 0x00000007e6600000, 0x00000007e6600000| Untracked 
| 103|0x00000007e6700000, 0x00000007e6700000, 0x00000007e6800000|  0%| F|  |TAMS 0x00000007e6700000, 0x00000007e6700000| Untracked 
| 104|0x00000007e6800000, 0x00000007e6800000, 0x00000007e6900000|  0%| F|  |TAMS 0x00000007e6800000, 0x00000007e6800000| Untracked 
| 105|0x00000007e6900000, 0x00000007e6900000, 0x00000007e6a00000|  0%| F|  |TAMS 0x00000007e6900000, 0x00000007e6900000| Untracked 
| 106|0x00000007e6a00000, 0x00000007e6a00000, 0x00000007e6b00000|  0%| F|  |TAMS 0x00000007e6a00000, 0x00000007e6a00000| Untracked 
| 107|0x00000007e6b00000, 0x00000007e6b00000, 0x00000007e6c00000|  0%| F|  |TAMS 0x00000007e6b00000, 0x00000007e6b00000| Untracked 
| 108|0x00000007e6c00000, 0x00000007e6c00000, 0x00000007e6d00000|  0%| F|  |TAMS 0x00000007e6c00000, 0x00000007e6c00000| Untracked 
| 109|0x00000007e6d00000, 0x00000007e6d00000, 0x00000007e6e00000|  0%| F|  |TAMS 0x00000007e6d00000, 0x00000007e6d00000| Untracked 
| 110|0x00000007e6e00000, 0x00000007e6e00000, 0x00000007e6f00000|  0%| F|  |TAMS 0x00000007e6e00000, 0x00000007e6e00000| Untracked 
| 111|0x00000007e6f00000, 0x00000007e6f00000, 0x00000007e7000000|  0%| F|  |TAMS 0x00000007e6f00000, 0x00000007e6f00000| Untracked 
| 112|0x00000007e7000000, 0x00000007e7000000, 0x00000007e7100000|  0%| F|  |TAMS 0x00000007e7000000, 0x00000007e7000000| Untracked 
| 113|0x00000007e7100000, 0x00000007e7100000, 0x00000007e7200000|  0%| F|  |TAMS 0x00000007e7100000, 0x00000007e7100000| Untracked 
| 114|0x00000007e7200000, 0x00000007e7200000, 0x00000007e7300000|  0%| F|  |TAMS 0x00000007e7200000, 0x00000007e7200000| Untracked 
| 115|0x00000007e7300000, 0x00000007e7300000, 0x00000007e7400000|  0%| F|  |TAMS 0x00000007e7300000, 0x00000007e7300000| Untracked 
| 116|0x00000007e7400000, 0x00000007e7400000, 0x00000007e7500000|  0%| F|  |TAMS 0x00000007e7400000, 0x00000007e7400000| Untracked 
| 117|0x00000007e7500000, 0x00000007e7500000, 0x00000007e7600000|  0%| F|  |TAMS 0x00000007e7500000, 0x00000007e7500000| Untracked 
| 118|0x00000007e7600000, 0x00000007e7600000, 0x00000007e7700000|  0%| F|  |TAMS 0x00000007e7600000, 0x00000007e7600000| Untracked 
| 119|0x00000007e7700000, 0x00000007e7700000, 0x00000007e7800000|  0%| F|  |TAMS 0x00000007e7700000, 0x00000007e7700000| Untracked 
| 120|0x00000007e7800000, 0x00000007e7800000, 0x00000007e7900000|  0%| F|  |TAMS 0x00000007e7800000, 0x00000007e7800000| Untracked 
| 121|0x00000007e7900000, 0x00000007e7900000, 0x00000007e7a00000|  0%| F|  |TAMS 0x00000007e7900000, 0x00000007e7900000| Untracked 
| 122|0x00000007e7a00000, 0x00000007e7a00000, 0x00000007e7b00000|  0%| F|  |TAMS 0x00000007e7a00000, 0x00000007e7a00000| Untracked 
| 123|0x00000007e7b00000, 0x00000007e7b00000, 0x00000007e7c00000|  0%| F|  |TAMS 0x00000007e7b00000, 0x00000007e7b00000| Untracked 
| 124|0x00000007e7c00000, 0x00000007e7c00000, 0x00000007e7d00000|  0%| F|  |TAMS 0x00000007e7c00000, 0x00000007e7c00000| Untracked 
| 125|0x00000007e7d00000, 0x00000007e7d00000, 0x00000007e7e00000|  0%| F|  |TAMS 0x00000007e7d00000, 0x00000007e7d00000| Untracked 
| 126|0x00000007e7e00000, 0x00000007e7e00000, 0x00000007e7f00000|  0%| F|  |TAMS 0x00000007e7e00000, 0x00000007e7e00000| Untracked 
| 127|0x00000007e7f00000, 0x00000007e7f00000, 0x00000007e8000000|  0%| F|  |TAMS 0x00000007e7f00000, 0x00000007e7f00000| Untracked 
| 128|0x00000007e8000000, 0x00000007e8000000, 0x00000007e8100000|  0%| F|  |TAMS 0x00000007e8000000, 0x00000007e8000000| Untracked 
| 129|0x00000007e8100000, 0x00000007e8100000, 0x00000007e8200000|  0%| F|  |TAMS 0x00000007e8100000, 0x00000007e8100000| Untracked 
| 130|0x00000007e8200000, 0x00000007e8200000, 0x00000007e8300000|  0%| F|  |TAMS 0x00000007e8200000, 0x00000007e8200000| Untracked 
| 131|0x00000007e8300000, 0x00000007e8300000, 0x00000007e8400000|  0%| F|  |TAMS 0x00000007e8300000, 0x00000007e8300000| Untracked 
| 132|0x00000007e8400000, 0x00000007e8400000, 0x00000007e8500000|  0%| F|  |TAMS 0x00000007e8400000, 0x00000007e8400000| Untracked 
| 133|0x00000007e8500000, 0x00000007e8500000, 0x00000007e8600000|  0%| F|  |TAMS 0x00000007e8500000, 0x00000007e8500000| Untracked 
| 134|0x00000007e8600000, 0x00000007e8600000, 0x00000007e8700000|  0%| F|  |TAMS 0x00000007e8600000, 0x00000007e8600000| Untracked 
| 135|0x00000007e8700000, 0x00000007e8700000, 0x00000007e8800000|  0%| F|  |TAMS 0x00000007e8700000, 0x00000007e8700000| Untracked 
| 136|0x00000007e8800000, 0x00000007e8800000, 0x00000007e8900000|  0%| F|  |TAMS 0x00000007e8800000, 0x00000007e8800000| Untracked 
| 137|0x00000007e8900000, 0x00000007e8900000, 0x00000007e8a00000|  0%| F|  |TAMS 0x00000007e8900000, 0x00000007e8900000| Untracked 
| 138|0x00000007e8a00000, 0x00000007e8a00000, 0x00000007e8b00000|  0%| F|  |TAMS 0x00000007e8a00000, 0x00000007e8a00000| Untracked 
| 139|0x00000007e8b00000, 0x00000007e8b00000, 0x00000007e8c00000|  0%| F|  |TAMS 0x00000007e8b00000, 0x00000007e8b00000| Untracked 
| 140|0x00000007e8c00000, 0x00000007e8c00000, 0x00000007e8d00000|  0%| F|  |TAMS 0x00000007e8c00000, 0x00000007e8c00000| Untracked 
| 141|0x00000007e8d00000, 0x00000007e8d00000, 0x00000007e8e00000|  0%| F|  |TAMS 0x00000007e8d00000, 0x00000007e8d00000| Untracked 
| 142|0x00000007e8e00000, 0x00000007e8e00000, 0x00000007e8f00000|  0%| F|  |TAMS 0x00000007e8e00000, 0x00000007e8e00000| Untracked 
| 143|0x00000007e8f00000, 0x00000007e8f00000, 0x00000007e9000000|  0%| F|  |TAMS 0x00000007e8f00000, 0x00000007e8f00000| Untracked 
| 144|0x00000007e9000000, 0x00000007e9000000, 0x00000007e9100000|  0%| F|  |TAMS 0x00000007e9000000, 0x00000007e9000000| Untracked 
| 145|0x00000007e9100000, 0x00000007e9100000, 0x00000007e9200000|  0%| F|  |TAMS 0x00000007e9100000, 0x00000007e9100000| Untracked 
| 146|0x00000007e9200000, 0x00000007e9200000, 0x00000007e9300000|  0%| F|  |TAMS 0x00000007e9200000, 0x00000007e9200000| Untracked 
| 147|0x00000007e9300000, 0x00000007e9300000, 0x00000007e9400000|  0%| F|  |TAMS 0x00000007e9300000, 0x00000007e9300000| Untracked 
| 148|0x00000007e9400000, 0x00000007e9400000, 0x00000007e9500000|  0%| F|  |TAMS 0x00000007e9400000, 0x00000007e9400000| Untracked 
| 149|0x00000007e9500000, 0x00000007e9500000, 0x00000007e9600000|  0%| F|  |TAMS 0x00000007e9500000, 0x00000007e9500000| Untracked 
| 150|0x00000007e9600000, 0x00000007e9600000, 0x00000007e9700000|  0%| F|  |TAMS 0x00000007e9600000, 0x00000007e9600000| Untracked 
| 151|0x00000007e9700000, 0x00000007e9700000, 0x00000007e9800000|  0%| F|  |TAMS 0x00000007e9700000, 0x00000007e9700000| Untracked 
| 152|0x00000007e9800000, 0x00000007e9800000, 0x00000007e9900000|  0%| F|  |TAMS 0x00000007e9800000, 0x00000007e9800000| Untracked 
| 153|0x00000007e9900000, 0x00000007e9900000, 0x00000007e9a00000|  0%| F|  |TAMS 0x00000007e9900000, 0x00000007e9900000| Untracked 
| 154|0x00000007e9a00000, 0x00000007e9a00000, 0x00000007e9b00000|  0%| F|  |TAMS 0x00000007e9a00000, 0x00000007e9a00000| Untracked 
| 155|0x00000007e9b00000, 0x00000007e9b00000, 0x00000007e9c00000|  0%| F|  |TAMS 0x00000007e9b00000, 0x00000007e9b00000| Untracked 
| 156|0x00000007e9c00000, 0x00000007e9c00000, 0x00000007e9d00000|  0%| F|  |TAMS 0x00000007e9c00000, 0x00000007e9c00000| Untracked 
| 157|0x00000007e9d00000, 0x00000007e9d00000, 0x00000007e9e00000|  0%| F|  |TAMS 0x00000007e9d00000, 0x00000007e9d00000| Untracked 
| 158|0x00000007e9e00000, 0x00000007e9e00000, 0x00000007e9f00000|  0%| F|  |TAMS 0x00000007e9e00000, 0x00000007e9e00000| Untracked 
| 159|0x00000007e9f00000, 0x00000007e9f00000, 0x00000007ea000000|  0%| F|  |TAMS 0x00000007e9f00000, 0x00000007e9f00000| Untracked 
| 160|0x00000007ea000000, 0x00000007ea000000, 0x00000007ea100000|  0%| F|  |TAMS 0x00000007ea000000, 0x00000007ea000000| Untracked 
| 161|0x00000007ea100000, 0x00000007ea100000, 0x00000007ea200000|  0%| F|  |TAMS 0x00000007ea100000, 0x00000007ea100000| Untracked 
| 162|0x00000007ea200000, 0x00000007ea200000, 0x00000007ea300000|  0%| F|  |TAMS 0x00000007ea200000, 0x00000007ea200000| Untracked 
| 163|0x00000007ea300000, 0x00000007ea300000, 0x00000007ea400000|  0%| F|  |TAMS 0x00000007ea300000, 0x00000007ea300000| Untracked 
| 164|0x00000007ea400000, 0x00000007ea400000, 0x00000007ea500000|  0%| F|  |TAMS 0x00000007ea400000, 0x00000007ea400000| Untracked 
| 165|0x00000007ea500000, 0x00000007ea500000, 0x00000007ea600000|  0%| F|  |TAMS 0x00000007ea500000, 0x00000007ea500000| Untracked 
| 166|0x00000007ea600000, 0x00000007ea600000, 0x00000007ea700000|  0%| F|  |TAMS 0x00000007ea600000, 0x00000007ea600000| Untracked 
| 167|0x00000007ea700000, 0x00000007ea700000, 0x00000007ea800000|  0%| F|  |TAMS 0x00000007ea700000, 0x00000007ea700000| Untracked 
| 168|0x00000007ea800000, 0x00000007ea800000, 0x00000007ea900000|  0%| F|  |TAMS 0x00000007ea800000, 0x00000007ea800000| Untracked 
| 169|0x00000007ea900000, 0x00000007ea900000, 0x00000007eaa00000|  0%| F|  |TAMS 0x00000007ea900000, 0x00000007ea900000| Untracked 
| 170|0x00000007eaa00000, 0x00000007eaa00000, 0x00000007eab00000|  0%| F|  |TAMS 0x00000007eaa00000, 0x00000007eaa00000| Untracked 
| 171|0x00000007eab00000, 0x00000007eab00000, 0x00000007eac00000|  0%| F|  |TAMS 0x00000007eab00000, 0x00000007eab00000| Untracked 
| 172|0x00000007eac00000, 0x00000007eac00000, 0x00000007ead00000|  0%| F|  |TAMS 0x00000007eac00000, 0x00000007eac00000| Untracked 
| 173|0x00000007ead00000, 0x00000007ead00000, 0x00000007eae00000|  0%| F|  |TAMS 0x00000007ead00000, 0x00000007ead00000| Untracked 
| 174|0x00000007eae00000, 0x00000007eae00000, 0x00000007eaf00000|  0%| F|  |TAMS 0x00000007eae00000, 0x00000007eae00000| Untracked 
| 175|0x00000007eaf00000, 0x00000007eaf00000, 0x00000007eb000000|  0%| F|  |TAMS 0x00000007eaf00000, 0x00000007eaf00000| Untracked 
| 176|0x00000007eb000000, 0x00000007eb000000, 0x00000007eb100000|  0%| F|  |TAMS 0x00000007eb000000, 0x00000007eb000000| Untracked 
| 177|0x00000007eb100000, 0x00000007eb100000, 0x00000007eb200000|  0%| F|  |TAMS 0x00000007eb100000, 0x00000007eb100000| Untracked 
| 178|0x00000007eb200000, 0x00000007eb200000, 0x00000007eb300000|  0%| F|  |TAMS 0x00000007eb200000, 0x00000007eb200000| Untracked 
| 179|0x00000007eb300000, 0x00000007eb300000, 0x00000007eb400000|  0%| F|  |TAMS 0x00000007eb300000, 0x00000007eb300000| Untracked 
| 180|0x00000007eb400000, 0x00000007eb400000, 0x00000007eb500000|  0%| F|  |TAMS 0x00000007eb400000, 0x00000007eb400000| Untracked 
| 181|0x00000007eb500000, 0x00000007eb500000, 0x00000007eb600000|  0%| F|  |TAMS 0x00000007eb500000, 0x00000007eb500000| Untracked 
| 182|0x00000007eb600000, 0x00000007eb600000, 0x00000007eb700000|  0%| F|  |TAMS 0x00000007eb600000, 0x00000007eb600000| Untracked 
| 183|0x00000007eb700000, 0x00000007eb700000, 0x00000007eb800000|  0%| F|  |TAMS 0x00000007eb700000, 0x00000007eb700000| Untracked 
| 184|0x00000007eb800000, 0x00000007eb800000, 0x00000007eb900000|  0%| F|  |TAMS 0x00000007eb800000, 0x00000007eb800000| Untracked 
| 185|0x00000007eb900000, 0x00000007eb900000, 0x00000007eba00000|  0%| F|  |TAMS 0x00000007eb900000, 0x00000007eb900000| Untracked 
| 186|0x00000007eba00000, 0x00000007eba00000, 0x00000007ebb00000|  0%| F|  |TAMS 0x00000007eba00000, 0x00000007eba00000| Untracked 
| 187|0x00000007ebb00000, 0x00000007ebb00000, 0x00000007ebc00000|  0%| F|  |TAMS 0x00000007ebb00000, 0x00000007ebb00000| Untracked 
| 188|0x00000007ebc00000, 0x00000007ebc00000, 0x00000007ebd00000|  0%| F|  |TAMS 0x00000007ebc00000, 0x00000007ebc00000| Untracked 
| 189|0x00000007ebd00000, 0x00000007ebd00000, 0x00000007ebe00000|  0%| F|  |TAMS 0x00000007ebd00000, 0x00000007ebd00000| Untracked 
| 190|0x00000007ebe00000, 0x00000007ebe00000, 0x00000007ebf00000|  0%| F|  |TAMS 0x00000007ebe00000, 0x00000007ebe00000| Untracked 
| 191|0x00000007ebf00000, 0x00000007ebf00000, 0x00000007ec000000|  0%| F|  |TAMS 0x00000007ebf00000, 0x00000007ebf00000| Untracked 
| 192|0x00000007ec000000, 0x00000007ec000000, 0x00000007ec100000|  0%| F|  |TAMS 0x00000007ec000000, 0x00000007ec000000| Untracked 
| 193|0x00000007ec100000, 0x00000007ec100000, 0x00000007ec200000|  0%| F|  |TAMS 0x00000007ec100000, 0x00000007ec100000| Untracked 
| 194|0x00000007ec200000, 0x00000007ec200000, 0x00000007ec300000|  0%| F|  |TAMS 0x00000007ec200000, 0x00000007ec200000| Untracked 
| 195|0x00000007ec300000, 0x00000007ec300000, 0x00000007ec400000|  0%| F|  |TAMS 0x00000007ec300000, 0x00000007ec300000| Untracked 
| 196|0x00000007ec400000, 0x00000007ec400000, 0x00000007ec500000|  0%| F|  |TAMS 0x00000007ec400000, 0x00000007ec400000| Untracked 
| 197|0x00000007ec500000, 0x00000007ec500000, 0x00000007ec600000|  0%| F|  |TAMS 0x00000007ec500000, 0x00000007ec500000| Untracked 
| 198|0x00000007ec600000, 0x00000007ec600000, 0x00000007ec700000|  0%| F|  |TAMS 0x00000007ec600000, 0x00000007ec600000| Untracked 
| 199|0x00000007ec700000, 0x00000007ec700000, 0x00000007ec800000|  0%| F|  |TAMS 0x00000007ec700000, 0x00000007ec700000| Untracked 
| 200|0x00000007ec800000, 0x00000007ec800000, 0x00000007ec900000|  0%| F|  |TAMS 0x00000007ec800000, 0x00000007ec800000| Untracked 
| 201|0x00000007ec900000, 0x00000007ec900000, 0x00000007eca00000|  0%| F|  |TAMS 0x00000007ec900000, 0x00000007ec900000| Untracked 
| 202|0x00000007eca00000, 0x00000007eca00000, 0x00000007ecb00000|  0%| F|  |TAMS 0x00000007eca00000, 0x00000007eca00000| Untracked 
| 203|0x00000007ecb00000, 0x00000007ecb00000, 0x00000007ecc00000|  0%| F|  |TAMS 0x00000007ecb00000, 0x00000007ecb00000| Untracked 
| 204|0x00000007ecc00000, 0x00000007ecc00000, 0x00000007ecd00000|  0%| F|  |TAMS 0x00000007ecc00000, 0x00000007ecc00000| Untracked 
| 205|0x00000007ecd00000, 0x00000007ecd00000, 0x00000007ece00000|  0%| F|  |TAMS 0x00000007ecd00000, 0x00000007ecd00000| Untracked 
| 206|0x00000007ece00000, 0x00000007ece00000, 0x00000007ecf00000|  0%| F|  |TAMS 0x00000007ece00000, 0x00000007ece00000| Untracked 
| 207|0x00000007ecf00000, 0x00000007ecf00000, 0x00000007ed000000|  0%| F|  |TAMS 0x00000007ecf00000, 0x00000007ecf00000| Untracked 
| 208|0x00000007ed000000, 0x00000007ed000000, 0x00000007ed100000|  0%| F|  |TAMS 0x00000007ed000000, 0x00000007ed000000| Untracked 
| 209|0x00000007ed100000, 0x00000007ed100000, 0x00000007ed200000|  0%| F|  |TAMS 0x00000007ed100000, 0x00000007ed100000| Untracked 
| 210|0x00000007ed200000, 0x00000007ed200000, 0x00000007ed300000|  0%| F|  |TAMS 0x00000007ed200000, 0x00000007ed200000| Untracked 
| 211|0x00000007ed300000, 0x00000007ed300000, 0x00000007ed400000|  0%| F|  |TAMS 0x00000007ed300000, 0x00000007ed300000| Untracked 
| 212|0x00000007ed400000, 0x00000007ed400000, 0x00000007ed500000|  0%| F|  |TAMS 0x00000007ed400000, 0x00000007ed400000| Untracked 
| 213|0x00000007ed500000, 0x00000007ed500000, 0x00000007ed600000|  0%| F|  |TAMS 0x00000007ed500000, 0x00000007ed500000| Untracked 
| 214|0x00000007ed600000, 0x00000007ed600000, 0x00000007ed700000|  0%| F|  |TAMS 0x00000007ed600000, 0x00000007ed600000| Untracked 
| 215|0x00000007ed700000, 0x00000007ed700000, 0x00000007ed800000|  0%| F|  |TAMS 0x00000007ed700000, 0x00000007ed700000| Untracked 
| 216|0x00000007ed800000, 0x00000007ed800000, 0x00000007ed900000|  0%| F|  |TAMS 0x00000007ed800000, 0x00000007ed800000| Untracked 
| 217|0x00000007ed900000, 0x00000007ed900000, 0x00000007eda00000|  0%| F|  |TAMS 0x00000007ed900000, 0x00000007ed900000| Untracked 
| 218|0x00000007eda00000, 0x00000007eda00000, 0x00000007edb00000|  0%| F|  |TAMS 0x00000007eda00000, 0x00000007eda00000| Untracked 
| 219|0x00000007edb00000, 0x00000007edb00000, 0x00000007edc00000|  0%| F|  |TAMS 0x00000007edb00000, 0x00000007edb00000| Untracked 
| 220|0x00000007edc00000, 0x00000007edc00000, 0x00000007edd00000|  0%| F|  |TAMS 0x00000007edc00000, 0x00000007edc00000| Untracked 
| 221|0x00000007edd00000, 0x00000007edd00000, 0x00000007ede00000|  0%| F|  |TAMS 0x00000007edd00000, 0x00000007edd00000| Untracked 
| 222|0x00000007ede00000, 0x00000007ede00000, 0x00000007edf00000|  0%| F|  |TAMS 0x00000007ede00000, 0x00000007ede00000| Untracked 
| 223|0x00000007edf00000, 0x00000007edf00000, 0x00000007ee000000|  0%| F|  |TAMS 0x00000007edf00000, 0x00000007edf00000| Untracked 
| 224|0x00000007ee000000, 0x00000007ee000000, 0x00000007ee100000|  0%| F|  |TAMS 0x00000007ee000000, 0x00000007ee000000| Untracked 
| 225|0x00000007ee100000, 0x00000007ee100000, 0x00000007ee200000|  0%| F|  |TAMS 0x00000007ee100000, 0x00000007ee100000| Untracked 
| 226|0x00000007ee200000, 0x00000007ee200000, 0x00000007ee300000|  0%| F|  |TAMS 0x00000007ee200000, 0x00000007ee200000| Untracked 
| 227|0x00000007ee300000, 0x00000007ee300000, 0x00000007ee400000|  0%| F|  |TAMS 0x00000007ee300000, 0x00000007ee300000| Untracked 
| 228|0x00000007ee400000, 0x00000007ee400000, 0x00000007ee500000|  0%| F|  |TAMS 0x00000007ee400000, 0x00000007ee400000| Untracked 
| 229|0x00000007ee500000, 0x00000007ee500000, 0x00000007ee600000|  0%| F|  |TAMS 0x00000007ee500000, 0x00000007ee500000| Untracked 
| 230|0x00000007ee600000, 0x00000007ee600000, 0x00000007ee700000|  0%| F|  |TAMS 0x00000007ee600000, 0x00000007ee600000| Untracked 
| 231|0x00000007ee700000, 0x00000007ee700000, 0x00000007ee800000|  0%| F|  |TAMS 0x00000007ee700000, 0x00000007ee700000| Untracked 
| 232|0x00000007ee800000, 0x00000007ee800000, 0x00000007ee900000|  0%| F|  |TAMS 0x00000007ee800000, 0x00000007ee800000| Untracked 
| 233|0x00000007ee900000, 0x00000007ee900000, 0x00000007eea00000|  0%| F|  |TAMS 0x00000007ee900000, 0x00000007ee900000| Untracked 
| 234|0x00000007eea00000, 0x00000007eea00000, 0x00000007eeb00000|  0%| F|  |TAMS 0x00000007eea00000, 0x00000007eea00000| Untracked 
| 235|0x00000007eeb00000, 0x00000007eeb00000, 0x00000007eec00000|  0%| F|  |TAMS 0x00000007eeb00000, 0x00000007eeb00000| Untracked 
| 236|0x00000007eec00000, 0x00000007eec00000, 0x00000007eed00000|  0%| F|  |TAMS 0x00000007eec00000, 0x00000007eec00000| Untracked 
| 237|0x00000007eed00000, 0x00000007eed00000, 0x00000007eee00000|  0%| F|  |TAMS 0x00000007eed00000, 0x00000007eed00000| Untracked 
| 238|0x00000007eee00000, 0x00000007eee00000, 0x00000007eef00000|  0%| F|  |TAMS 0x00000007eee00000, 0x00000007eee00000| Untracked 
| 239|0x00000007eef00000, 0x00000007eef00000, 0x00000007ef000000|  0%| F|  |TAMS 0x00000007eef00000, 0x00000007eef00000| Untracked 
| 240|0x00000007ef000000, 0x00000007ef0eb8f8, 0x00000007ef100000| 92%| E|  |TAMS 0x00000007ef000000, 0x00000007ef000000| Complete 
| 241|0x00000007ef100000, 0x00000007ef200000, 0x00000007ef200000|100%| E|CS|TAMS 0x00000007ef100000, 0x00000007ef100000| Complete 
| 242|0x00000007ef200000, 0x00000007ef300000, 0x00000007ef300000|100%| E|CS|TAMS 0x00000007ef200000, 0x00000007ef200000| Complete 
| 243|0x00000007ef300000, 0x00000007ef400000, 0x00000007ef400000|100%| E|CS|TAMS 0x00000007ef300000, 0x00000007ef300000| Complete 
| 244|0x00000007ef400000, 0x00000007ef500000, 0x00000007ef500000|100%| E|CS|TAMS 0x00000007ef400000, 0x00000007ef400000| Complete 
| 245|0x00000007ef500000, 0x00000007ef600000, 0x00000007ef600000|100%| E|CS|TAMS 0x00000007ef500000, 0x00000007ef500000| Complete 
| 246|0x00000007ef600000, 0x00000007ef700000, 0x00000007ef700000|100%| E|CS|TAMS 0x00000007ef600000, 0x00000007ef600000| Complete 
| 247|0x00000007ef700000, 0x00000007ef800000, 0x00000007ef800000|100%| E|CS|TAMS 0x00000007ef700000, 0x00000007ef700000| Complete 
| 248|0x00000007ef800000, 0x00000007ef900000, 0x00000007ef900000|100%| E|CS|TAMS 0x00000007ef800000, 0x00000007ef800000| Complete 
| 249|0x00000007ef900000, 0x00000007efa00000, 0x00000007efa00000|100%| E|  |TAMS 0x00000007ef900000, 0x00000007ef900000| Complete 
| 250|0x00000007efa00000, 0x00000007efb00000, 0x00000007efb00000|100%| E|CS|TAMS 0x00000007efa00000, 0x00000007efa00000| Complete 
| 251|0x00000007efb00000, 0x00000007efc00000, 0x00000007efc00000|100%| E|CS|TAMS 0x00000007efb00000, 0x00000007efb00000| Complete 
| 252|0x00000007efc00000, 0x00000007efd00000, 0x00000007efd00000|100%| E|CS|TAMS 0x00000007efc00000, 0x00000007efc00000| Complete 
| 253|0x00000007efd00000, 0x00000007efe00000, 0x00000007efe00000|100%| E|CS|TAMS 0x00000007efd00000, 0x00000007efd00000| Complete 
| 254|0x00000007efe00000, 0x00000007eff00000, 0x00000007eff00000|100%| E|CS|TAMS 0x00000007efe00000, 0x00000007efe00000| Complete 
| 255|0x00000007eff00000, 0x00000007f0000000, 0x00000007f0000000|100%| E|CS|TAMS 0x00000007eff00000, 0x00000007eff00000| Complete 
| 510|0x00000007ffe00000, 0x00000007ffe74000, 0x00000007fff00000| 45%|OA|  |TAMS 0x00000007ffe00000, 0x00000007ffe00000| Untracked 
| 511|0x00000007fff00000, 0x00000007fff74000, 0x0000000800000000| 45%|CA|  |TAMS 0x00000007fff00000, 0x00000007fff00000| Untracked 

Card table byte_map: [0x0000000117ad8000,0x0000000117bd8000] _byte_map_base: 0x0000000113bd8000

Marking Bits (Prev, Next): (CMBitMap*) 0x0000000126ffcc10, (CMBitMap*) 0x0000000126ffcc50
 Prev Bits: [0x000000015b800000, 0x000000015c000000)
 Next Bits: [0x0000000168000000, 0x0000000168800000)

Polling page: 0x00000001033f4000

Metaspace:

Usage:
  Non-class:      3.82 MB used.
      Class:    589.59 KB used.
       Both:      4.39 MB used.

Virtual space:
  Non-class space:       64.00 MB reserved,       3.94 MB (  6%) committed,  1 nodes.
      Class space:        1.00 GB reserved,     640.00 KB ( <1%) committed,  1 nodes.
             Both:        1.06 GB reserved,       4.56 MB ( <1%) committed. 

Chunk freelists:
   Non-Class:  9.17 MB
       Class:  15.25 MB
        Both:  24.42 MB

MaxMetaspaceSize: unlimited
CompressedClassSpaceSize: 1.00 GB
Initial GC threshold: 21.00 MB
Current GC threshold: 21.00 MB
CDS: on
MetaspaceReclaimPolicy: balanced
 - commit_granule_bytes: 65536.
 - commit_granule_words: 8192.
 - virtual_space_node_default_size: 8388608.
 - enlarge_chunks_in_place: 1.
 - new_chunks_are_fully_committed: 0.
 - uncommit_free_chunks: 1.
 - use_allocation_guard: 0.
 - handle_deallocations: 1.


Internal statistics:

num_allocs_failed_limit: 0.
num_arena_births: 12.
num_arena_deaths: 0.
num_vsnodes_births: 2.
num_vsnodes_deaths: 0.
num_space_committed: 73.
num_space_uncommitted: 0.
num_chunks_returned_to_freelist: 0.
num_chunks_taken_from_freelist: 140.
num_chunk_merges: 0.
num_chunk_splits: 117.
num_chunks_enlarged: 111.
num_inconsistent_stats: 0.

CodeHeap 'non-profiled nmethods': size=120032Kb used=264Kb max_used=264Kb free=119767Kb
 bounds [0x0000000307ac8000, 0x0000000307d38000, 0x000000030f000000]
CodeHeap 'profiled nmethods': size=120016Kb used=1345Kb max_used=1345Kb free=118670Kb
 bounds [0x0000000300000000, 0x0000000300270000, 0x0000000307534000]
CodeHeap 'non-nmethods': size=5712Kb used=1098Kb max_used=1132Kb free=4613Kb
 bounds [0x0000000307534000, 0x00000003077a4000, 0x0000000307ac8000]
 total_blobs=1071 nmethods=686 adapters=302
 compilation: enabled
              stopped_count=0, restarted_count=0
 full_count=0

Compilation events (20 events):
Event: 0.197 Thread 0x0000000125783800 nmethod 1265 0x000000030014e210 code [0x000000030014e3c0, 0x000000030014e598]
Event: 0.198 Thread 0x0000000159c38e00 nmethod 1240 0x0000000307b06e10 code [0x0000000307b06fc0, 0x0000000307b07430]
Event: 0.198 Thread 0x0000000159c38e00 1263       4       java.lang.String::substring (58 bytes)
Event: 0.200 Thread 0x0000000159c38e00 nmethod 1263 0x0000000307b07590 code [0x0000000307b07780, 0x0000000307b07c10]
Event: 0.200 Thread 0x0000000159c38e00 1264       4       java.lang.String::checkBoundsBeginEnd (63 bytes)
Event: 0.200 Thread 0x0000000159c38e00 nmethod 1264 0x0000000307b07e90 code [0x0000000307b08040, 0x0000000307b08100]
Event: 0.200 Thread 0x0000000159c38e00 1245       4       java.io.DataInputStream::readUTF (5 bytes)
Event: 0.200 Thread 0x0000000159c38e00 nmethod 1245 0x0000000307b08210 code [0x0000000307b083c0, 0x0000000307b08480]
Event: 0.200 Thread 0x0000000159c38e00 1246       4       org.apache.xmlbeans.impl.schema.SchemaTypeSystemImpl$StringPool::codeForString (69 bytes)
Event: 0.206 Thread 0x0000000159c38e00 nmethod 1246 0x0000000307b08510 code [0x0000000307b087c0, 0x0000000307b09170]
Event: 7680.493 Thread 0x0000000125783800 1269       3       java.lang.ref.ReferenceQueue::reallyPoll (65 bytes)
Event: 7680.495 Thread 0x0000000125783800 nmethod 1269 0x000000030014e690 code [0x000000030014e880, 0x000000030014ed98]
Event: 15241.094 Thread 0x0000000125783800 1270   !   3       java.lang.ref.ReferenceQueue::remove (125 bytes)
Event: 15241.095 Thread 0x0000000125783800 nmethod 1270 0x000000030014ef10 code [0x000000030014f180, 0x000000030014f8d8]
Event: 15301.104 Thread 0x0000000125783800 1271   !   3       jdk.internal.ref.PhantomCleanable::isListEmpty (34 bytes)
Event: 15301.105 Thread 0x0000000125783800 nmethod 1271 0x000000030014fc10 code [0x000000030014fdc0, 0x0000000300150018]
Event: 15301.105 Thread 0x0000000125783800 1272       3       jdk.internal.misc.InnocuousThread::eraseThreadLocals (23 bytes)
Event: 15301.107 Thread 0x0000000125783800 nmethod 1272 0x0000000300150110 code [0x00000003001502c0, 0x0000000300150498]
Event: 76747.901 Thread 0x0000000159c38e00 1273       4       jdk.internal.misc.InnocuousThread::eraseThreadLocals (23 bytes)
Event: 76747.917 Thread 0x0000000159c38e00 nmethod 1273 0x0000000307b0a010 code [0x0000000307b0a180, 0x0000000307b0a290]

GC Heap History (0 events):
No events

Dll operation events (5 events):
Event: 0.003 Loaded shared library /opt/homebrew/Cellar/openjdk@17/17.0.14/libexec/openjdk.jdk/Contents/Home/lib/libjava.dylib
Event: 0.020 Loaded shared library /opt/homebrew/Cellar/openjdk@17/17.0.14/libexec/openjdk.jdk/Contents/Home/lib/libnio.dylib
Event: 0.022 Loaded shared library /opt/homebrew/Cellar/openjdk@17/17.0.14/libexec/openjdk.jdk/Contents/Home/lib/libzip.dylib
Event: 0.028 Loaded shared library /opt/homebrew/Cellar/openjdk@17/17.0.14/libexec/openjdk.jdk/Contents/Home/lib/libverify.dylib
Event: 0.087 Loaded shared library /opt/homebrew/Cellar/openjdk@17/17.0.14/libexec/openjdk.jdk/Contents/Home/lib/libjimage.dylib

Deoptimization events (20 events):
Event: 0.183 Thread 0x0000000126d31400 Uncommon trap: trap_request=0xffffffde fr.pc=0x0000000307b008e8 relative=0x0000000000000268
Event: 0.183 Thread 0x0000000126d31400 Uncommon trap: reason=class_check action=maybe_recompile pc=0x0000000307b008e8 method=java.util.HashMap.getNode(Ljava/lang/Object;)Ljava/util/HashMap$Node; @ 128 c2
Event: 0.183 Thread 0x0000000126d31400 DEOPT PACKING pc=0x0000000307b008e8 sp=0x000000016d969f70
Event: 0.183 Thread 0x0000000126d31400 DEOPT UNPACKING pc=0x000000030757b91c sp=0x000000016d969e50 mode 2
Event: 0.183 Thread 0x0000000126d31400 Uncommon trap: trap_request=0xffffffde fr.pc=0x0000000307b008e8 relative=0x0000000000000268
Event: 0.183 Thread 0x0000000126d31400 Uncommon trap: reason=class_check action=maybe_recompile pc=0x0000000307b008e8 method=java.util.HashMap.getNode(Ljava/lang/Object;)Ljava/util/HashMap$Node; @ 128 c2
Event: 0.183 Thread 0x0000000126d31400 DEOPT PACKING pc=0x0000000307b008e8 sp=0x000000016d96a010
Event: 0.183 Thread 0x0000000126d31400 DEOPT UNPACKING pc=0x000000030757b91c sp=0x000000016d969ef0 mode 2
Event: 0.183 Thread 0x0000000126d31400 Uncommon trap: trap_request=0xffffffde fr.pc=0x0000000307b008e8 relative=0x0000000000000268
Event: 0.183 Thread 0x0000000126d31400 Uncommon trap: reason=class_check action=maybe_recompile pc=0x0000000307b008e8 method=java.util.HashMap.getNode(Ljava/lang/Object;)Ljava/util/HashMap$Node; @ 128 c2
Event: 0.183 Thread 0x0000000126d31400 DEOPT PACKING pc=0x0000000307b008e8 sp=0x000000016d96a010
Event: 0.183 Thread 0x0000000126d31400 DEOPT UNPACKING pc=0x000000030757b91c sp=0x000000016d969ef0 mode 2
Event: 0.184 Thread 0x0000000126d31400 Uncommon trap: trap_request=0xffffffde fr.pc=0x0000000307b008e8 relative=0x0000000000000268
Event: 0.184 Thread 0x0000000126d31400 Uncommon trap: reason=class_check action=maybe_recompile pc=0x0000000307b008e8 method=java.util.HashMap.getNode(Ljava/lang/Object;)Ljava/util/HashMap$Node; @ 128 c2
Event: 0.184 Thread 0x0000000126d31400 DEOPT PACKING pc=0x0000000307b008e8 sp=0x000000016d969fe0
Event: 0.184 Thread 0x0000000126d31400 DEOPT UNPACKING pc=0x000000030757b91c sp=0x000000016d969ec0 mode 2
Event: 0.184 Thread 0x0000000126d31400 Uncommon trap: trap_request=0xffffffde fr.pc=0x0000000307af53e0 relative=0x0000000000000260
Event: 0.184 Thread 0x0000000126d31400 Uncommon trap: reason=class_check action=maybe_recompile pc=0x0000000307af53e0 method=java.util.HashMap.getNode(Ljava/lang/Object;)Ljava/util/HashMap$Node; @ 128 c2
Event: 0.184 Thread 0x0000000126d31400 DEOPT PACKING pc=0x0000000307af53e0 sp=0x000000016d969e90
Event: 0.184 Thread 0x0000000126d31400 DEOPT UNPACKING pc=0x000000030757b91c sp=0x000000016d969e00 mode 2

Classes loaded (20 events):
Event: 0.142 Loading class jdk/internal/reflect/UnsafeQualifiedStaticFieldAccessorImpl done
Event: 0.142 Loading class jdk/internal/reflect/UnsafeQualifiedStaticObjectFieldAccessorImpl done
Event: 0.144 Loading class java/util/LinkedHashMap$LinkedValues
Event: 0.144 Loading class java/util/LinkedHashMap$LinkedValues done
Event: 0.144 Loading class java/util/LinkedHashMap$LinkedValueIterator
Event: 0.144 Loading class java/util/LinkedHashMap$LinkedValueIterator done
Event: 0.149 Loading class org/w3c/dom/Comment
Event: 0.149 Loading class org/w3c/dom/Comment done
Event: 0.149 Loading class org/w3c/dom/NodeList
Event: 0.149 Loading class org/w3c/dom/NodeList done
Event: 0.149 Loading class org/w3c/dom/Attr
Event: 0.149 Loading class org/w3c/dom/Attr done
Event: 0.152 Loading class org/w3c/dom/ProcessingInstruction
Event: 0.152 Loading class org/w3c/dom/ProcessingInstruction done
Event: 0.152 Loading class org/w3c/dom/DocumentFragment
Event: 0.152 Loading class org/w3c/dom/DocumentFragment done
Event: 0.155 Loading class org/w3c/dom/NamedNodeMap
Event: 0.155 Loading class org/w3c/dom/NamedNodeMap done
Event: 0.179 Loading class jdk/internal/misc/ScopedMemoryAccess$Scope
Event: 0.179 Loading class jdk/internal/misc/ScopedMemoryAccess$Scope done

Classes unloaded (0 events):
No events

Classes redefined (0 events):
No events

Internal exceptions (3 events):
Event: 0.048 Thread 0x0000000126d31400 Implicit null exception at 0x0000000307ad09ec to 0x0000000307ad0af8
Event: 0.103 Thread 0x0000000126d31400 Exception <a 'java/lang/NoSuchMethodError'{0x00000007ef78ae20}: 'java.lang.Object java.lang.invoke.DirectMethodHandle$Holder.invokeStaticInit(java.lang.Object)'> (0x00000007ef78ae20) 
thrown [src/hotspot/share/interpreter/linkResolver.cpp, line 759]
Event: 0.104 Thread 0x0000000126d31400 Exception <a 'java/lang/NoSuchMethodError'{0x00000007ef794d78}: 'java.lang.Object java.lang.invoke.DirectMethodHandle$Holder.invokeInterface(java.lang.Object, java.lang.Object)'> (0x00000007ef794d78) 
thrown [src/hotspot/share/interpreter/linkResolver.cpp, line 759]

VM Operations (10 events):
Event: 0.107 Executing VM operation: HandshakeAllThreads
Event: 0.107 Executing VM operation: HandshakeAllThreads done
Event: 0.150 Executing VM operation: ICBufferFull
Event: 0.150 Executing VM operation: ICBufferFull done
Event: 0.188 Executing VM operation: ICBufferFull
Event: 0.188 Executing VM operation: ICBufferFull done
Event: 1.193 Executing VM operation: Cleanup
Event: 1.194 Executing VM operation: Cleanup done
Event: 60.249 Executing VM operation: HandshakeAllThreads
Event: 60.249 Executing VM operation: HandshakeAllThreads done

Memory protections (12 events):
Event: 0.002 Protecting memory [0x000000016d174000,0x000000016d180000] with protection modes 0
Event: 0.007 Protecting memory [0x000000016ebc0000,0x000000016ebcc000] with protection modes 0
Event: 0.007 Protecting memory [0x000000016edcc000,0x000000016edd8000] with protection modes 0
Event: 0.010 Protecting memory [0x000000016efd8000,0x000000016efe4000] with protection modes 0
Event: 0.010 Protecting memory [0x000000016f1e4000,0x000000016f1f0000] with protection modes 0
Event: 0.010 Protecting memory [0x000000016f3f0000,0x000000016f3fc000] with protection modes 0
Event: 0.010 Protecting memory [0x000000016f5fc000,0x000000016f608000] with protection modes 0
Event: 0.010 Protecting memory [0x000000016f808000,0x000000016f814000] with protection modes 0
Event: 0.010 Protecting memory [0x000000016fa14000,0x000000016fa20000] with protection modes 0
Event: 0.011 Protecting memory [0x000000016fc20000,0x000000016fc2c000] with protection modes 0
Event: 0.013 Protecting memory [0x000000017fc8c000,0x000000017fc98000] with protection modes 0
Event: 91576.859 Protecting memory [0x000000016efd8000,0x000000016efe4000] with protection modes 3

Nmethod flushes (0 events):
No events

Events (12 events):
Event: 0.006 Thread 0x0000000126d31400 Thread added: 0x0000000126d31400
Event: 0.007 Thread 0x0000000126d31400 Thread added: 0x0000000125451600
Event: 0.007 Thread 0x0000000126d31400 Thread added: 0x0000000114ff7a00
Event: 0.010 Thread 0x0000000126d31400 Thread added: 0x0000000158632200
Event: 0.010 Thread 0x0000000126d31400 Thread added: 0x0000000125309a00
Event: 0.010 Thread 0x0000000126d31400 Thread added: 0x0000000159c1a200
Event: 0.010 Thread 0x0000000126d31400 Thread added: 0x0000000159c38e00
Event: 0.010 Thread 0x0000000126d31400 Thread added: 0x0000000125783800
Event: 0.010 Thread 0x0000000126d31400 Thread added: 0x0000000126152200
Event: 0.011 Thread 0x0000000126d31400 Thread added: 0x0000000114f50c00
Event: 0.013 Thread 0x0000000126d31400 Thread added: 0x000000015a866c00
Event: 91576.859 Thread 0x0000000158632200 Thread exited: 0x0000000158632200


Dynamic libraries:
0x0000000102490000 	/Applications/RStudio.app/Contents/Resources/app/bin/rsession-arm64
0x0000000103874000 	/Applications/RStudio.app/Contents/Resources/app/Frameworks/arm64/libpq.5.13.dylib
0x0000000103940000 	/Applications/RStudio.app/Contents/Resources/app/Frameworks/arm64/libssl.1.1.dylib
0x0000000104340000 	/Applications/RStudio.app/Contents/Resources/app/Frameworks/arm64/libcrypto.1.1.dylib
0x00000001871aa000 	/System/Library/Frameworks/AppKit.framework/Versions/C/AppKit
0x00000001884e7000 	/System/Library/PrivateFrameworks/UIFoundation.framework/Versions/A/UIFoundation
0x000000021f0c7000 	/System/Library/PrivateFrameworks/CollectionViewCore.framework/Versions/A/CollectionViewCore
0x000000019779d000 	/System/Library/PrivateFrameworks/RemoteViewServices.framework/Versions/A/RemoteViewServices
0x000000018e3d1000 	/System/Library/PrivateFrameworks/XCTTargetBootstrap.framework/Versions/A/XCTTargetBootstrap
0x0000000192b60000 	/System/Library/PrivateFrameworks/InternationalSupport.framework/Versions/A/InternationalSupport
0x0000000192bb4000 	/System/Library/PrivateFrameworks/UserActivity.framework/Versions/A/UserActivity
0x000000024351e000 	/System/Library/PrivateFrameworks/WindowManagement.framework/Versions/A/WindowManagement
0x00000001846dd000 	/System/Library/Frameworks/SystemConfiguration.framework/Versions/A/SystemConfiguration
0x0000000191fce000 	/usr/lib/libspindump.dylib
0x000000018869c000 	/System/Library/Frameworks/UniformTypeIdentifiers.framework/Versions/A/UniformTypeIdentifiers
0x000000018c248000 	/usr/lib/libapp_launch_measurement.dylib
0x000000018b66e000 	/System/Library/PrivateFrameworks/CoreAnalytics.framework/Versions/A/CoreAnalytics
0x000000018c24f000 	/System/Library/PrivateFrameworks/CoreAutoLayout.framework/Versions/A/CoreAutoLayout
0x000000018a216000 	/System/Library/Frameworks/CoreData.framework/Versions/A/CoreData
0x000000018dbf1000 	/System/Library/Frameworks/Metal.framework/Versions/A/Metal
0x000000018eb79000 	/usr/lib/liblangid.dylib
0x000000018e3d7000 	/System/Library/PrivateFrameworks/CoreSVG.framework/Versions/A/CoreSVG
0x0000000189061000 	/System/Library/PrivateFrameworks/SkyLight.framework/Versions/A/SkyLight
0x0000000189502000 	/System/Library/Frameworks/CoreGraphics.framework/Versions/A/CoreGraphics
0x0000000197e77000 	/System/Library/Frameworks/Accelerate.framework/Versions/A/Accelerate
0x0000000191e28000 	/System/Library/PrivateFrameworks/IconServices.framework/Versions/A/IconServices
0x000000018dbcf000 	/System/Library/Frameworks/IOSurface.framework/Versions/A/IOSurface
0x000000018b69d000 	/usr/lib/libDiagnosticMessagesClient.dylib
0x0000000190466000 	/usr/lib/libz.1.dylib
0x000000019b61c000 	/System/Library/Frameworks/ApplicationServices.framework/Versions/A/ApplicationServices
0x000000018e3b9000 	/System/Library/PrivateFrameworks/DFRFoundation.framework/Versions/A/DFRFoundation
0x0000000186a04000 	/usr/lib/libicucore.A.dylib
0x0000000193bbe000 	/System/Library/Frameworks/AudioToolbox.framework/Versions/A/AudioToolbox
0x0000000192b6f000 	/System/Library/PrivateFrameworks/DataDetectorsCore.framework/Versions/A/DataDetectorsCore
0x00000001ac5e2000 	/System/Library/PrivateFrameworks/TextInput.framework/Versions/A/TextInput
0x0000000184a5d000 	/System/Library/Frameworks/Foundation.framework/Versions/C/Foundation
0x0000000188fb2000 	/usr/lib/libMobileGestalt.dylib
0x000000018e0f5000 	/System/Library/Frameworks/Carbon.framework/Versions/A/Frameworks/HIToolbox.framework/Versions/A/HIToolbox
0x000000018bb74000 	/System/Library/Frameworks/QuartzCore.framework/Versions/A/QuartzCore
0x0000000186631000 	/System/Library/Frameworks/Security.framework/Versions/A/Security
0x00000001977dd000 	/System/Library/Frameworks/Carbon.framework/Versions/A/Frameworks/SpeechRecognition.framework/Versions/A/SpeechRecognition
0x000000018bf76000 	/System/Library/PrivateFrameworks/CoreUI.framework/Versions/A/CoreUI
0x0000000185f2a000 	/System/Library/Frameworks/CoreAudio.framework/Versions/A/CoreAudio
0x000000018b781000 	/System/Library/Frameworks/DiskArbitration.framework/Versions/A/DiskArbitration
0x000000019242a000 	/System/Library/PrivateFrameworks/MultitouchSupport.framework/Versions/A/MultitouchSupport
0x0000000188fb0000 	/usr/lib/libenergytrace.dylib
0x00000001a1cdb000 	/System/Library/PrivateFrameworks/RenderBox.framework/Versions/A/RenderBox
0x000000018705e000 	/System/Library/Frameworks/IOKit.framework/Versions/A/IOKit
0x0000000197bb2000 	/System/Library/Frameworks/CoreServices.framework/Versions/A/CoreServices
0x000000018c1d4000 	/System/Library/PrivateFrameworks/PerformanceAnalysis.framework/Versions/A/PerformanceAnalysis
0x00000001da587000 	/System/Library/Frameworks/OpenGL.framework/Versions/A/OpenGL
0x000000018c299000 	/usr/lib/libxml2.2.dylib
0x000000018f8a8000 	/System/Library/PrivateFrameworks/MobileKeyBag.framework/Versions/A/MobileKeyBag
0x00000001834c8000 	/usr/lib/libobjc.A.dylib
0x00000001837bc000 	/usr/lib/libc++.1.dylib
0x0000000190524000 	/usr/lib/libSystem.B.dylib
0x0000000197b2f000 	/System/Library/Frameworks/Accessibility.framework/Versions/A/Accessibility
0x0000000189be2000 	/System/Library/Frameworks/ColorSync.framework/Versions/A/ColorSync
0x0000000183908000 	/System/Library/Frameworks/CoreFoundation.framework/Versions/A/CoreFoundation
0x000000018e734000 	/System/Library/Frameworks/CoreImage.framework/Versions/A/CoreImage
0x0000000185d35000 	/System/Library/Frameworks/CoreText.framework/Versions/A/CoreText
0x00000001dede6000 	/System/Library/Frameworks/CoreTransferable.framework/Versions/A/CoreTransferable
0x00000001df2ab000 	/System/Library/Frameworks/DeveloperToolsSupport.framework/Versions/A/DeveloperToolsSupport
0x000000018e412000 	/System/Library/Frameworks/ImageIO.framework/Versions/A/ImageIO
0x0000000219267000 	/System/Library/Frameworks/Symbols.framework/Versions/A/Symbols
0x000000019052a000 	/System/Library/PrivateFrameworks/SoftLinking.framework/Versions/A/SoftLinking
0x0000000193570000 	/usr/lib/swift/libswiftCore.dylib
0x00000001a926f000 	/usr/lib/swift/libswiftCoreFoundation.dylib
0x00000001a6cd8000 	/usr/lib/swift/libswiftCoreGraphics.dylib
0x00000001a92b9000 	/usr/lib/swift/libswiftCoreImage.dylib
0x00000001a6cdf000 	/usr/lib/swift/libswiftDarwin.dylib
0x0000000199222000 	/usr/lib/swift/libswiftDispatch.dylib
0x00000001a92ba000 	/usr/lib/swift/libswiftIOKit.dylib
0x00000001b4d14000 	/usr/lib/swift/libswiftMetal.dylib
0x00000001c23d9000 	/usr/lib/swift/libswiftOSLog.dylib
0x000000019ba97000 	/usr/lib/swift/libswiftObjectiveC.dylib
0x00000001b9448000 	/usr/lib/swift/libswiftQuartzCore.dylib
0x00000001bd54d000 	/usr/lib/swift/libswiftUniformTypeIdentifiers.dylib
0x00000001a9281000 	/usr/lib/swift/libswiftXPC.dylib
0x000000024b9c5000 	/usr/lib/swift/libswift_Concurrency.dylib
0x000000019ba9b000 	/usr/lib/swift/libswiftos.dylib
0x00000001ac546000 	/usr/lib/swift/libswiftsimd.dylib
0x00000001906d9000 	/usr/lib/libcompression.dylib
0x0000000192aba000 	/System/Library/PrivateFrameworks/TextureIO.framework/Versions/A/TextureIO
0x0000000191ad4000 	/usr/lib/libate.dylib
0x000000019051e000 	/usr/lib/system/libcache.dylib
0x00000001904d8000 	/usr/lib/system/libcommonCrypto.dylib
0x0000000190504000 	/usr/lib/system/libcompiler_rt.dylib
0x00000001904fa000 	/usr/lib/system/libcopyfile.dylib
0x000000018360c000 	/usr/lib/system/libcorecrypto.dylib
0x00000001836f2000 	/usr/lib/system/libdispatch.dylib
0x00000001838ad000 	/usr/lib/system/libdyld.dylib
0x0000000190514000 	/usr/lib/system/libkeymgr.dylib
0x00000001904b0000 	/usr/lib/system/libmacho.dylib
0x000000018f990000 	/usr/lib/system/libquarantine.dylib
0x0000000190511000 	/usr/lib/system/libremovefile.dylib
0x0000000189028000 	/usr/lib/system/libsystem_asl.dylib
0x00000001835a1000 	/usr/lib/system/libsystem_blocks.dylib
0x000000018373d000 	/usr/lib/system/libsystem_c.dylib
0x0000000190508000 	/usr/lib/system/libsystem_collections.dylib
0x000000018eb68000 	/usr/lib/system/libsystem_configuration.dylib
0x000000018dba4000 	/usr/lib/system/libsystem_containermanager.dylib
0x0000000190147000 	/usr/lib/system/libsystem_coreservices.dylib
0x0000000186ccb000 	/usr/lib/system/libsystem_darwin.dylib
0x000000024bd12000 	/usr/lib/system/libsystem_darwindirectory.dylib
0x0000000190515000 	/usr/lib/system/libsystem_dnssd.dylib
0x000000024bd16000 	/usr/lib/system/libsystem_eligibility.dylib
0x000000018373a000 	/usr/lib/system/libsystem_featureflags.dylib
0x00000001838db000 	/usr/lib/system/libsystem_info.dylib
0x0000000190475000 	/usr/lib/system/libsystem_m.dylib
0x00000001836b5000 	/usr/lib/system/libsystem_malloc.dylib
0x0000000188f95000 	/usr/lib/system/libsystem_networkextension.dylib
0x0000000187141000 	/usr/lib/system/libsystem_notify.dylib
0x000000018eb6d000 	/usr/lib/system/libsystem_sandbox.dylib
0x000000024bd1a000 	/usr/lib/system/libsystem_sanitizers.dylib
0x000000019050d000 	/usr/lib/system/libsystem_secinit.dylib
0x0000000183865000 	/usr/lib/system/libsystem_kernel.dylib
0x00000001838d3000 	/usr/lib/system/libsystem_platform.dylib
0x00000001838a0000 	/usr/lib/system/libsystem_pthread.dylib
0x000000018aa18000 	/usr/lib/system/libsystem_symptoms.dylib
0x00000001835f1000 	/usr/lib/system/libsystem_trace.dylib
0x00000001904e6000 	/usr/lib/system/libunwind.dylib
0x00000001835a6000 	/usr/lib/system/libxpc.dylib
0x0000000183849000 	/usr/lib/libc++abi.dylib
0x00000001904f2000 	/usr/lib/liboah.dylib
0x0000000191980000 	/usr/lib/liblzma.5.dylib
0x0000000190526000 	/usr/lib/libfakelink.dylib
0x0000000188bc1000 	/System/Library/Frameworks/CFNetwork.framework/Versions/A/CFNetwork
0x000000019057a000 	/usr/lib/libarchive.2.dylib
0x0000000195ab0000 	/System/Library/Frameworks/Combine.framework/Versions/A/Combine
0x000000021f0db000 	/System/Library/PrivateFrameworks/CollectionsInternal.framework/Versions/A/CollectionsInternal
0x0000000235a8b000 	/System/Library/PrivateFrameworks/ReflectionInternal.framework/Versions/A/ReflectionInternal
0x000000023601d000 	/System/Library/PrivateFrameworks/RuntimeInternal.framework/Versions/A/RuntimeInternal
0x000000024bb19000 	/usr/lib/swift/libswift_StringProcessing.dylib
0x0000000186fdc000 	/System/Library/PrivateFrameworks/CoreServicesInternal.framework/Versions/A/CoreServicesInternal
0x000000018f9b7000 	/usr/lib/libbsm.0.dylib
0x00000001904b8000 	/usr/lib/system/libkxld.dylib
0x000000018c210000 	/System/Library/Frameworks/CoreServices.framework/Versions/A/Frameworks/FSEvents.framework/Versions/A/FSEvents
0x0000000186cd6000 	/System/Library/Frameworks/CoreServices.framework/Versions/A/Frameworks/CarbonCore.framework/Versions/A/CarbonCore
0x000000018b6e6000 	/System/Library/Frameworks/CoreServices.framework/Versions/A/Frameworks/Metadata.framework/Versions/A/Metadata
0x000000019014d000 	/System/Library/Frameworks/CoreServices.framework/Versions/A/Frameworks/OSServices.framework/Versions/A/OSServices
0x0000000190603000 	/System/Library/Frameworks/CoreServices.framework/Versions/A/Frameworks/SearchKit.framework/Versions/A/SearchKit
0x000000018a999000 	/System/Library/Frameworks/CoreServices.framework/Versions/A/Frameworks/AE.framework/Versions/A/AE
0x0000000183de1000 	/System/Library/Frameworks/CoreServices.framework/Versions/A/Frameworks/LaunchServices.framework/Versions/A/LaunchServices
0x0000000191929000 	/System/Library/Frameworks/CoreServices.framework/Versions/A/Frameworks/DictionaryServices.framework/Versions/A/DictionaryServices
0x000000018c21d000 	/System/Library/Frameworks/CoreServices.framework/Versions/A/Frameworks/SharedFileList.framework/Versions/A/SharedFileList
0x00000001906a3000 	/usr/lib/libapple_nghttp2.dylib
0x000000018a60d000 	/usr/lib/libsqlite3.dylib
0x000000018aa21000 	/System/Library/Frameworks/Network.framework/Versions/A/Network
0x000000024a3d6000 	/usr/lib/libCoreEntitlements.dylib
0x0000000230995000 	/System/Library/PrivateFrameworks/MessageSecurity.framework/Versions/A/MessageSecurity
0x000000018a5f3000 	/System/Library/PrivateFrameworks/ProtocolBuffer.framework/Versions/A/ProtocolBuffer
0x0000000190076000 	/System/Library/PrivateFrameworks/AppleFSCompression.framework/Versions/A/AppleFSCompression
0x000000018f99f000 	/usr/lib/libcoretls.dylib
0x000000019199f000 	/usr/lib/libcoretls_cfhelpers.dylib
0x00000001906d3000 	/usr/lib/libpam.2.dylib
0x0000000191a11000 	/usr/lib/libxar.1.dylib
0x0000000191dff000 	/usr/lib/libheimdal-asn1.dylib
0x0000000188bc0000 	/usr/lib/libnetwork.dylib
0x000000019052b000 	/usr/lib/libpcap.A.dylib
0x000000018aa0d000 	/usr/lib/libdns_services.dylib
0x000000018eb75000 	/System/Library/PrivateFrameworks/AppleSystemInfo.framework/Versions/A/AppleSystemInfo
0x000000018f69d000 	/System/Library/PrivateFrameworks/IOMobileFramebuffer.framework/Versions/A/IOMobileFramebuffer
0x000000024ba70000 	/usr/lib/swift/libswift_RegexParser.dylib
0x000000019013a000 	/usr/lib/libbz2.1.0.dylib
0x000000018f993000 	/usr/lib/libCheckFix.dylib
0x0000000189040000 	/System/Library/PrivateFrameworks/TCC.framework/Versions/A/TCC
0x000000018eb7b000 	/System/Library/PrivateFrameworks/CoreNLP.framework/Versions/A/CoreNLP
0x000000018b69f000 	/System/Library/PrivateFrameworks/MetadataUtilities.framework/Versions/A/MetadataUtilities
0x000000018f9c9000 	/usr/lib/libmecab.dylib
0x0000000184771000 	/usr/lib/libCRFSuite.dylib
0x000000018fa25000 	/usr/lib/libgermantok.dylib
0x000000019067a000 	/usr/lib/libThaiTokenizer.dylib
0x000000018b78a000 	/System/Library/Frameworks/Accelerate.framework/Versions/A/Frameworks/vImage.framework/Versions/A/vImage
0x0000000197b89000 	/System/Library/Frameworks/Accelerate.framework/Versions/A/Frameworks/vecLib.framework/Versions/A/vecLib
0x0000000191a58000 	/System/Library/Frameworks/Accelerate.framework/Versions/A/Frameworks/vecLib.framework/Versions/A/libvMisc.dylib
0x000000018f578000 	/System/Library/Frameworks/Accelerate.framework/Versions/A/Frameworks/vecLib.framework/Versions/A/libvDSP.dylib
0x00000001841e8000 	/System/Library/Frameworks/Accelerate.framework/Versions/A/Frameworks/vecLib.framework/Versions/A/libBLAS.dylib
0x00000001907ae000 	/System/Library/Frameworks/Accelerate.framework/Versions/A/Frameworks/vecLib.framework/Versions/A/libLAPACK.dylib
0x000000018fa28000 	/System/Library/Frameworks/Accelerate.framework/Versions/A/Frameworks/vecLib.framework/Versions/A/libLinearAlgebra.dylib
0x00000001906be000 	/System/Library/Frameworks/Accelerate.framework/Versions/A/Frameworks/vecLib.framework/Versions/A/libSparseBLAS.dylib
0x00000001907a9000 	/System/Library/Frameworks/Accelerate.framework/Versions/A/Frameworks/vecLib.framework/Versions/A/libQuadrature.dylib
0x000000018eca4000 	/System/Library/Frameworks/Accelerate.framework/Versions/A/Frameworks/vecLib.framework/Versions/A/libBNNS.dylib
0x0000000184676000 	/System/Library/Frameworks/Accelerate.framework/Versions/A/Frameworks/vecLib.framework/Versions/A/libSparse.dylib
0x000000022f0e4000 	/System/Library/PrivateFrameworks/MIL.framework/Versions/A/MIL
0x0000000190561000 	/usr/lib/libiconv.2.dylib
0x00000001904ac000 	/usr/lib/libcharset.1.dylib
0x000000018c1f0000 	/System/Library/Frameworks/OpenDirectory.framework/Versions/A/Frameworks/CFOpenDirectory.framework/Versions/A/CFOpenDirectory
0x000000018c1e0000 	/System/Library/Frameworks/OpenDirectory.framework/Versions/A/OpenDirectory
0x00000001919a1000 	/System/Library/PrivateFrameworks/APFS.framework/Versions/A/APFS
0x000000018f8cf000 	/System/Library/Frameworks/SecurityFoundation.framework/Versions/A/SecurityFoundation
0x0000000191a20000 	/usr/lib/libutil.dylib
0x000000022d245000 	/System/Library/PrivateFrameworks/InstalledContentLibrary.framework/Versions/A/InstalledContentLibrary
0x000000018701d000 	/System/Library/PrivateFrameworks/CoreServicesStore.framework/Versions/A/CoreServicesStore
0x000000021c888000 	/System/Library/PrivateFrameworks/AppleMobileFileIntegrity.framework/Versions/A/AppleMobileFileIntegrity
0x00000001a923d000 	/usr/lib/libmis.dylib
0x00000001b992f000 	/System/Library/PrivateFrameworks/MobileSystemServices.framework/Versions/A/MobileSystemServices
0x00000001d7991000 	/System/Library/PrivateFrameworks/ConfigProfileHelper.framework/Versions/A/ConfigProfileHelper
0x000000019067c000 	/System/Library/PrivateFrameworks/AppleSauce.framework/Versions/A/AppleSauce
0x00000001856bb000 	/System/Library/PrivateFrameworks/LanguageModeling.framework/Versions/A/LanguageModeling
0x0000000191a24000 	/usr/lib/libxslt.1.dylib
0x0000000190568000 	/usr/lib/libcmph.dylib
0x000000018f669000 	/System/Library/PrivateFrameworks/CoreEmoji.framework/Versions/A/CoreEmoji
0x000000018ec9e000 	/System/Library/PrivateFrameworks/LinguisticData.framework/Versions/A/LinguisticData
0x0000000184584000 	/System/Library/PrivateFrameworks/Lexicon.framework/Versions/A/Lexicon
0x000000018f95d000 	/System/Library/PrivateFrameworks/BackgroundTaskManagement.framework/Versions/A/BackgroundTaskManagement
0x000000024a5c0000 	/usr/lib/libTLE.dylib
0x00000001922f0000 	/System/Library/PrivateFrameworks/AppleJPEG.framework/Versions/A/AppleJPEG
0x0000000191de4000 	/usr/lib/libexpat.1.dylib
0x0000000192918000 	/System/Library/Frameworks/ImageIO.framework/Versions/A/Resources/libPng.dylib
0x0000000192943000 	/System/Library/Frameworks/ImageIO.framework/Versions/A/Resources/libTIFF.dylib
0x0000000192a2e000 	/System/Library/Frameworks/ImageIO.framework/Versions/A/Resources/libGIF.dylib
0x0000000192336000 	/System/Library/Frameworks/ImageIO.framework/Versions/A/Resources/libJP2.dylib
0x00000001929d3000 	/System/Library/Frameworks/ImageIO.framework/Versions/A/Resources/libJPEG.dylib
0x00000001929ca000 	/System/Library/Frameworks/ImageIO.framework/Versions/A/Resources/libRadiance.dylib
0x000000018df90000 	/System/Library/PrivateFrameworks/FontServices.framework/libFontParser.dylib
0x000000018a932000 	/System/Library/PrivateFrameworks/RunningBoardServices.framework/Versions/A/RunningBoardServices
0x000000019e4dd000 	/System/Library/PrivateFrameworks/IOSurfaceAccelerator.framework/Versions/A/IOSurfaceAccelerator
0x0000000192426000 	/System/Library/PrivateFrameworks/WatchdogClient.framework/Versions/A/WatchdogClient
0x00000001858a1000 	/System/Library/Frameworks/CoreDisplay.framework/Versions/A/CoreDisplay
0x000000018de47000 	/System/Library/Frameworks/CoreMedia.framework/Versions/A/CoreMedia
0x000000018dbe7000 	/System/Library/PrivateFrameworks/IOAccelerator.framework/Versions/A/IOAccelerator
0x000000018c383000 	/System/Library/Frameworks/CoreVideo.framework/Versions/A/CoreVideo
0x00000001906d1000 	/System/Library/Frameworks/MetalPerformanceShaders.framework/Versions/A/MetalPerformanceShaders
0x0000000192469000 	/System/Library/Frameworks/VideoToolbox.framework/Versions/A/VideoToolbox
0x000000018c41f000 	/System/Library/PrivateFrameworks/UserManagement.framework/Versions/A/UserManagement
0x000000018a859000 	/System/Library/PrivateFrameworks/BaseBoard.framework/Versions/A/BaseBoard
0x000000018eb73000 	/System/Library/PrivateFrameworks/AggregateDictionary.framework/Versions/A/AggregateDictionary
0x000000021c6c2000 	/System/Library/PrivateFrameworks/AppleKeyStore.framework/Versions/A/AppleKeyStore
0x00000001929c5000 	/System/Library/PrivateFrameworks/GPUWrangler.framework/Versions/A/GPUWrangler
0x00000001929a5000 	/System/Library/PrivateFrameworks/IOPresentment.framework/Versions/A/IOPresentment
0x00000001929cd000 	/System/Library/PrivateFrameworks/DSExternalDisplay.framework/Versions/A/DSExternalDisplay
0x00000002292d2000 	/System/Library/PrivateFrameworks/GPUCompiler.framework/Versions/32023/Libraries/libllvm-flatbuffers.dylib
0x00000001da57a000 	/System/Library/Frameworks/OpenGL.framework/Versions/A/Libraries/libCoreFSCache.dylib
0x0000000225f36000 	/System/Library/PrivateFrameworks/GPUCompiler.framework/Versions/32023/Libraries/libGPUCompilerUtils.dylib
0x0000000192a34000 	/System/Library/PrivateFrameworks/CMCaptureCore.framework/Versions/A/CMCaptureCore
0x00000001df3ce000 	/System/Library/Frameworks/ExtensionFoundation.framework/Versions/A/ExtensionFoundation
0x0000000199a8b000 	/System/Library/PrivateFrameworks/CoreTime.framework/Versions/A/CoreTime
0x0000000191fb8000 	/System/Library/PrivateFrameworks/AppServerSupport.framework/Versions/A/AppServerSupport
0x000000019454c000 	/System/Library/PrivateFrameworks/perfdata.framework/Versions/A/perfdata
0x00000001859c5000 	/System/Library/PrivateFrameworks/AudioToolboxCore.framework/Versions/A/AudioToolboxCore
0x000000018de1d000 	/System/Library/PrivateFrameworks/caulk.framework/Versions/A/caulk
0x0000000193dba000 	/usr/lib/libAudioStatistics.dylib
0x00000001a8576000 	/System/Library/PrivateFrameworks/SystemPolicy.framework/Versions/A/SystemPolicy
0x0000000194093000 	/usr/lib/libSMC.dylib
0x000000019da85000 	/System/Library/Frameworks/CoreMIDI.framework/Versions/A/CoreMIDI
0x00000001928df000 	/usr/lib/libAudioToolboxUtility.dylib
0x00000001a3977000 	/System/Library/PrivateFrameworks/OSAServicesClient.framework/Versions/A/OSAServicesClient
0x000000019455a000 	/usr/lib/libperfcheck.dylib
0x0000000199542000 	/System/Library/PrivateFrameworks/BoardServices.framework/Versions/A/BoardServices
0x0000000191ccc000 	/System/Library/PrivateFrameworks/PlugInKit.framework/Versions/A/PlugInKit
0x000000018f8c1000 	/System/Library/PrivateFrameworks/AssertionServices.framework/Versions/A/AssertionServices
0x000000019cb96000 	/System/Library/PrivateFrameworks/ASEProcessing.framework/Versions/A/ASEProcessing
0x00000001c5860000 	/System/Library/PrivateFrameworks/Symbolication.framework/Versions/A/Symbolication
0x0000000234878000 	/System/Library/PrivateFrameworks/PhotosensitivityProcessing.framework/Versions/A/PhotosensitivityProcessing
0x0000000191f69000 	/System/Library/PrivateFrameworks/GraphVisualizer.framework/Versions/A/GraphVisualizer
0x00000001da5dc000 	/System/Library/Frameworks/OpenGL.framework/Versions/A/Libraries/libGLU.dylib
0x00000001da59b000 	/System/Library/Frameworks/OpenGL.framework/Versions/A/Libraries/libGFXShared.dylib
0x00000001da774000 	/System/Library/Frameworks/OpenGL.framework/Versions/A/Libraries/libGL.dylib
0x00000001da5a4000 	/System/Library/Frameworks/OpenGL.framework/Versions/A/Libraries/libGLImage.dylib
0x00000001da598000 	/System/Library/Frameworks/OpenGL.framework/Versions/A/Libraries/libCVMSPluginSupport.dylib
0x000000024a578000 	/usr/lib/libRosetta.dylib
0x00000001da581000 	/System/Library/Frameworks/OpenGL.framework/Versions/A/Libraries/libCoreVMClient.dylib
0x000000022413c000 	/System/Library/PrivateFrameworks/FontServices.framework/Versions/A/FontServices
0x0000000191f75000 	/System/Library/PrivateFrameworks/OTSVG.framework/Versions/A/OTSVG
0x000000018bf24000 	/System/Library/Frameworks/ApplicationServices.framework/Versions/A/Frameworks/ATS.framework/Versions/A/Resources/libFontRegistry.dylib
0x0000000191fc3000 	/System/Library/PrivateFrameworks/FontServices.framework/libhvf.dylib
0x000000022413d000 	/System/Library/PrivateFrameworks/FontServices.framework/libXTFontStaticRegistryData.dylib
0x000000018eaba000 	/System/Library/Frameworks/MetalPerformanceShaders.framework/Versions/A/Frameworks/MPSCore.framework/Versions/A/MPSCore
0x000000018ffe4000 	/System/Library/Frameworks/MetalPerformanceShaders.framework/Versions/A/Frameworks/MPSImage.framework/Versions/A/MPSImage
0x000000018fa3d000 	/System/Library/Frameworks/MetalPerformanceShaders.framework/Versions/A/Frameworks/MPSNeuralNetwork.framework/Versions/A/MPSNeuralNetwork
0x000000018fe88000 	/System/Library/Frameworks/MetalPerformanceShaders.framework/Versions/A/Frameworks/MPSMatrix.framework/Versions/A/MPSMatrix
0x000000018fc93000 	/System/Library/Frameworks/MetalPerformanceShaders.framework/Versions/A/Frameworks/MPSRayIntersector.framework/Versions/A/MPSRayIntersector
0x000000018feba000 	/System/Library/Frameworks/MetalPerformanceShaders.framework/Versions/A/Frameworks/MPSNDArray.framework/Versions/A/MPSNDArray
0x00000001e0ca8000 	/System/Library/Frameworks/MetalPerformanceShaders.framework/Versions/A/Frameworks/MPSFunctions.framework/Versions/A/MPSFunctions
0x00000001e0c8d000 	/System/Library/Frameworks/MetalPerformanceShaders.framework/Versions/A/Frameworks/MPSBenchmarkLoop.framework/Versions/A/MPSBenchmarkLoop
0x000000018409c000 	/System/Library/PrivateFrameworks/MetalTools.framework/Versions/A/MetalTools
0x00000001ad71f000 	/System/Library/PrivateFrameworks/IOAccelMemoryInfo.framework/Versions/A/IOAccelMemoryInfo
0x00000001b9828000 	/System/Library/PrivateFrameworks/kperf.framework/Versions/A/kperf
0x00000001a9262000 	/System/Library/PrivateFrameworks/GPURawCounter.framework/Versions/A/GPURawCounter
0x000000019995d000 	/System/Library/PrivateFrameworks/CoreSymbolication.framework/Versions/A/CoreSymbolication
0x00000001a920e000 	/System/Library/PrivateFrameworks/MallocStackLogging.framework/Versions/A/MallocStackLogging
0x0000000191b6e000 	/System/Library/PrivateFrameworks/CrashReporterSupport.framework/Versions/A/CrashReporterSupport
0x0000000199918000 	/System/Library/PrivateFrameworks/DebugSymbols.framework/Versions/A/DebugSymbols
0x00000001b818f000 	/System/Library/PrivateFrameworks/OSAnalytics.framework/Versions/A/OSAnalytics
0x0000000241771000 	/System/Library/PrivateFrameworks/VideoToolboxParavirtualizationSupport.framework/Versions/A/VideoToolboxParavirtualizationSupport
0x0000000191d98000 	/System/Library/PrivateFrameworks/AppleVA.framework/Versions/A/AppleVA
0x0000000193e02000 	/System/Library/Frameworks/ApplicationServices.framework/Versions/A/Frameworks/ATS.framework/Versions/A/ATS
0x0000000189d91000 	/System/Library/Frameworks/ApplicationServices.framework/Versions/A/Frameworks/HIServices.framework/Versions/A/HIServices
0x0000000192a42000 	/System/Library/Frameworks/ApplicationServices.framework/Versions/A/Frameworks/PrintCore.framework/Versions/A/PrintCore
0x00000001941ec000 	/System/Library/Frameworks/ApplicationServices.framework/Versions/A/Frameworks/QD.framework/Versions/A/QD
0x00000001941e0000 	/System/Library/Frameworks/ApplicationServices.framework/Versions/A/Frameworks/ColorSyncLegacy.framework/Versions/A/ColorSyncLegacy
0x0000000193dd2000 	/System/Library/Frameworks/ApplicationServices.framework/Versions/A/Frameworks/SpeechSynthesis.framework/Versions/A/SpeechSynthesis
0x00000001929fe000 	/System/Library/Frameworks/ApplicationServices.framework/Versions/A/Frameworks/ATSUI.framework/Versions/A/ATSUI
0x0000000194173000 	/usr/lib/libcups.2.dylib
0x0000000194568000 	/System/Library/Frameworks/Kerberos.framework/Versions/A/Kerberos
0x0000000194579000 	/System/Library/Frameworks/GSS.framework/Versions/A/GSS
0x0000000193e81000 	/usr/lib/libresolv.9.dylib
0x0000000191fd4000 	/System/Library/PrivateFrameworks/Heimdal.framework/Versions/A/Heimdal
0x000000019ba04000 	/System/Library/Frameworks/Kerberos.framework/Versions/A/Libraries/libHeimdalProxy.dylib
0x00000001945d3000 	/System/Library/PrivateFrameworks/CommonAuth.framework/Versions/A/CommonAuth
0x00000001de1b4000 	/System/Library/Frameworks/AVFAudio.framework/Versions/A/AVFAudio
0x00000001a39c6000 	/System/Library/PrivateFrameworks/AXCoreUtilities.framework/Versions/A/AXCoreUtilities
0x000000022e7bc000 	/System/Library/PrivateFrameworks/IsolatedCoreAudioClient.framework/Versions/A/IsolatedCoreAudioClient
0x0000000193d3e000 	/System/Library/PrivateFrameworks/AudioSession.framework/Versions/A/AudioSession
0x000000019584f000 	/System/Library/Frameworks/IOBluetooth.framework/Versions/A/IOBluetooth
0x0000000191ea3000 	/System/Library/PrivateFrameworks/MediaExperience.framework/Versions/A/MediaExperience
0x0000000193b7d000 	/System/Library/PrivateFrameworks/AudioSession.framework/libSessionUtility.dylib
0x00000001941f8000 	/System/Library/PrivateFrameworks/AudioResourceArbitration.framework/Versions/A/AudioResourceArbitration
0x00000001988d0000 	/System/Library/PrivateFrameworks/PowerLog.framework/Versions/A/PowerLog
0x00000001987ee000 	/System/Library/Frameworks/CoreBluetooth.framework/Versions/A/CoreBluetooth
0x000000019ba05000 	/System/Library/Frameworks/AudioUnit.framework/Versions/A/AudioUnit
0x000000018f72a000 	/System/Library/PrivateFrameworks/CoreUtils.framework/Versions/A/CoreUtils
0x0000000222387000 	/System/Library/PrivateFrameworks/CoreUtilsExtras.framework/Versions/A/CoreUtilsExtras
0x000000022d0d2000 	/System/Library/PrivateFrameworks/IO80211.framework/Versions/A/IO80211
0x0000000199486000 	/System/Library/PrivateFrameworks/FrontBoardServices.framework/Versions/A/FrontBoardServices
0x000000019afcd000 	/System/Library/PrivateFrameworks/BackBoardServices.framework/Versions/A/BackBoardServices
0x0000000191e0a000 	/System/Library/PrivateFrameworks/IconFoundation.framework/Versions/A/IconFoundation
0x00000001977c9000 	/System/Library/PrivateFrameworks/SpeechRecognitionCore.framework/Versions/A/SpeechRecognitionCore
0x00000001a39e5000 	/usr/lib/libAccessibility.dylib
0x0000000197ec3000 	/System/Library/Frameworks/MediaAccessibility.framework/Versions/A/MediaAccessibility
0x00000001c8f14000 	/System/Library/Frameworks/OSLog.framework/Versions/A/OSLog
0x00000001a919c000 	/System/Library/PrivateFrameworks/LoggingSupport.framework/Versions/A/LoggingSupport
0x00000001038c4000 	/Applications/RStudio.app/Contents/Resources/app/Frameworks/arm64/libgssapi_krb5.2.2.dylib
0x0000000103a80000 	/Applications/RStudio.app/Contents/Resources/app/Frameworks/arm64/libkrb5.3.3.dylib
0x00000001039bc000 	/Applications/RStudio.app/Contents/Resources/app/Frameworks/arm64/libk5crypto.3.1.dylib
0x0000000103838000 	/Applications/RStudio.app/Contents/Resources/app/Frameworks/arm64/libcom_err.3.0.dylib
0x0000000103914000 	/Applications/RStudio.app/Contents/Resources/app/Frameworks/arm64/libkrb5support.1.1.dylib
0x00000001039f4000 	/Applications/RStudio.app/Contents/Resources/app/Frameworks/arm64/libintl.8.dylib
0x0000000103a40000 	/Library/Frameworks/R.framework/Versions/4.4-arm64/Resources/lib/libRblas.0.dylib
0x000000010455c000 	/Library/Frameworks/R.framework/Versions/4.4-arm64/Resources/lib/libgfortran.5.dylib
0x0000000103ba0000 	/Library/Frameworks/R.framework/Versions/4.4-arm64/Resources/lib/libquadmath.0.dylib
0x0000000103a10000 	/Library/Frameworks/R.framework/Versions/4.4-arm64/Resources/lib/libgcc_s.1.1.dylib
0x00000001ad6eb000 	/usr/lib/libncurses.5.4.dylib
0x00000001033fc000 	/Library/Frameworks/R.framework/Versions/4.4-arm64/Resources/library/methods/libs/methods.so
0x0000000103438000 	/Library/Frameworks/R.framework/Versions/4.4-arm64/Resources/library/utils/libs/utils.so
0x00000001034c4000 	/Library/Frameworks/R.framework/Versions/4.4-arm64/Resources/library/grDevices/libs/grDevices.so
0x00000001920a4000 	/System/Library/PrivateFrameworks/login.framework/Versions/A/login
0x000000019965c000 	/System/Library/Frameworks/LocalAuthentication.framework/Versions/A/LocalAuthentication
0x000000018c3e2000 	/System/Library/PrivateFrameworks/login.framework/Versions/A/Frameworks/loginsupport.framework/Versions/A/loginsupport
0x000000022ef6e000 	/System/Library/PrivateFrameworks/LocalAuthenticationCore.framework/Versions/A/LocalAuthenticationCore
0x00000001996a7000 	/System/Library/Frameworks/LocalAuthentication.framework/Support/SharedUtils.framework/Versions/A/SharedUtils
0x00000001995f7000 	/System/Library/Frameworks/CryptoTokenKit.framework/Versions/A/CryptoTokenKit
0x0000000103530000 	/Library/Frameworks/R.framework/Versions/4.4-arm64/Resources/library/graphics/libs/graphics.so
0x0000000103628000 	/Library/Frameworks/R.framework/Versions/4.4-arm64/Resources/library/stats/libs/stats.so
0x00000001067f0000 	/Library/Frameworks/R.framework/Versions/4.4-arm64/Resources/lib/libRlapack.dylib
0x000000010b000000 	/Library/Developer/CommandLineTools/usr/lib/libclang.dylib
0x0000000103480000 	/Library/Frameworks/R.framework/Versions/4.4-arm64/Resources/library/tools/libs/tools.so
0x0000000103bfc000 	/Library/Frameworks/R.framework/Versions/4.4-arm64/Resources/modules/internet.so
0x000000019b31f000 	/usr/lib/libcurl.4.dylib
0x000000024a926000 	/usr/lib/libcrypto.46.dylib
0x000000024b648000 	/usr/lib/libssl.48.dylib
0x000000019aff3000 	/System/Library/Frameworks/LDAP.framework/Versions/A/LDAP
0x000000019b02f000 	/System/Library/PrivateFrameworks/TrustEvaluationAgent.framework/Versions/A/TrustEvaluationAgent
0x0000000193e9a000 	/usr/lib/libsasl2.2.dylib
0x00000001036d4000 	/Library/Frameworks/R.framework/Versions/4.4-arm64/Resources/library/rlang/libs/rlang.so
0x00000001035bc000 	/Library/Frameworks/R.framework/Versions/4.4-arm64/Resources/library/cli/libs/cli.so
0x0000000106638000 	/Library/Frameworks/R.framework/Versions/4.4-arm64/Resources/library/vctrs/libs/vctrs.so
0x0000000103458000 	/Library/Frameworks/R.framework/Versions/4.4-arm64/Resources/library/warp/libs/warp.so
0x00000001035fc000 	/Library/Frameworks/R.framework/Versions/4.4-arm64/Resources/library/slider/libs/slider.so
0x0000000111960000 	/Library/Frameworks/R.framework/Versions/4.4-arm64/Resources/library/Rcpp/libs/Rcpp.so
0x0000000103418000 	/Library/Frameworks/R.framework/Versions/4.4-arm64/Resources/library/parallel/libs/parallel.so
0x000000010357c000 	/Library/Frameworks/R.framework/Versions/4.4-arm64/Resources/library/colorspace/libs/colorspace.so
0x00000001034a8000 	/Library/Frameworks/R.framework/Versions/4.4-arm64/Resources/library/fracdiff/libs/fracdiff.so
0x0000000103768000 	/Library/Frameworks/R.framework/Versions/4.4-arm64/Resources/library/grid/libs/grid.so
0x0000000103598000 	/Library/Frameworks/R.framework/Versions/4.4-arm64/Resources/library/glue/libs/glue.so
0x00000001035a8000 	/Library/Frameworks/R.framework/Versions/4.4-arm64/Resources/library/magrittr/libs/magrittr.so
0x000000010372c000 	/Library/Frameworks/R.framework/Versions/4.4-arm64/Resources/library/tibble/libs/tibble.so
0x00000001037a4000 	/Library/Frameworks/R.framework/Versions/4.4-arm64/Resources/library/dplyr/libs/dplyr.so
0x000000010373c000 	/Library/Frameworks/R.framework/Versions/4.4-arm64/Resources/library/lattice/libs/lattice.so
0x0000000103750000 	/Library/Frameworks/R.framework/Versions/4.4-arm64/Resources/library/zoo/libs/zoo.so
0x00000001037c0000 	/Library/Frameworks/R.framework/Versions/4.4-arm64/Resources/library/lmtest/libs/lmtest.so
0x0000000103b84000 	/Library/Frameworks/R.framework/Versions/4.4-arm64/Resources/library/nnet/libs/nnet.so
0x0000000106794000 	/Library/Frameworks/R.framework/Versions/4.4-arm64/Resources/library/quadprog/libs/quadprog.so
0x00000001067cc000 	/Library/Frameworks/R.framework/Versions/4.4-arm64/Resources/library/xts/libs/xts.so
0x0000000115000000 	/Library/Frameworks/R.framework/Versions/4.4-arm64/Resources/library/curl/libs/curl.so
0x00000001069c8000 	/Library/Frameworks/R.framework/Versions/4.4-arm64/Resources/library/TTR/libs/TTR.so
0x00000001069dc000 	/Library/Frameworks/R.framework/Versions/4.4-arm64/Resources/library/tseries/libs/tseries.so
0x00000001119f8000 	/Library/Frameworks/R.framework/Versions/4.4-arm64/Resources/library/nlme/libs/nlme.so
0x0000000111a1c000 	/Library/Frameworks/R.framework/Versions/4.4-arm64/Resources/library/urca/libs/urca.so
0x0000000111a80000 	/Library/Frameworks/R.framework/Versions/4.4-arm64/Resources/library/forecast/libs/forecast.so
0x0000000193512000 	/usr/lib/libusrtcp.dylib
0x0000000188af7000 	/usr/lib/libboringssl.dylib
0x0000000111e5c000 	/Library/Frameworks/R.framework/Versions/4.4-arm64/Resources/library/timechange/libs/timechange.so
0x0000000111a30000 	/Library/Frameworks/R.framework/Versions/4.4-arm64/Resources/library/lubridate/libs/lubridate.so
0x0000000111a44000 	/Library/Frameworks/R.framework/Versions/4.4-arm64/Resources/library/processx/libs/processx.so
0x0000000111ad0000 	/Library/Frameworks/R.framework/Versions/4.4-arm64/Resources/library/ps/libs/ps.so
0x0000000111a60000 	/Users/nkohei/Library/R/arm64/4.4/library/plyr/libs/plyr.so
0x000000015d9d4000 	/Library/Frameworks/R.framework/Versions/4.4-arm64/Resources/library/stringi/libs/stringi.so
0x0000000111e28000 	/Users/nkohei/Library/R/arm64/4.4/library/reshape2/libs/reshape2.so
0x00000001067a8000 	/Library/Frameworks/R.framework/Versions/4.4-arm64/Resources/library/ellipsis/libs/ellipsis.so
0x0000000116804000 	/Library/Frameworks/R.framework/Versions/4.4-arm64/Resources/library/anytime/libs/anytime.so
0x0000000111eb8000 	/Library/Frameworks/R.framework/Versions/4.4-arm64/Resources/library/purrr/libs/purrr.so
0x0000000111ed0000 	/Library/Frameworks/R.framework/Versions/4.4-arm64/Resources/library/tidyr/libs/tidyr.so
0x0000000115560000 	/Library/Frameworks/R.framework/Versions/4.4-arm64/Resources/library/fable/libs/fable.so
0x00000001067b8000 	/Library/Frameworks/R.framework/Versions/4.4-arm64/Resources/library/rappdirs/libs/rappdirs.so
0x0000000116c94000 	/Library/Frameworks/R.framework/Versions/4.4-arm64/Resources/library/readr/libs/readr.so
0x0000000116878000 	/Library/Frameworks/R.framework/Versions/4.4-arm64/Resources/library/tzdb/libs/tzdb.so
0x000000015c5bc000 	/opt/homebrew/Cellar/openjdk@17/17.0.14/libexec/openjdk.jdk/Contents/Home/lib/server/libjvm.dylib
0x0000000115534000 	/Library/Frameworks/R.framework/Versions/4.4-arm64/Resources/library/rJava/libs/rJava.so
0x0000000111e14000 	/opt/homebrew/Cellar/openjdk@17/17.0.14/libexec/openjdk.jdk/Contents/Home/lib/libjimage.dylib
0x00000001155c0000 	/opt/homebrew/Cellar/openjdk@17/17.0.14/libexec/openjdk.jdk/Contents/Home/lib/libjava.dylib
0x0000000116c00000 	/opt/homebrew/Cellar/openjdk@17/17.0.14/libexec/openjdk.jdk/Contents/Home/lib/libnio.dylib
0x0000000116c20000 	/opt/homebrew/Cellar/openjdk@17/17.0.14/libexec/openjdk.jdk/Contents/Home/lib/libnet.dylib
0x00000001168c4000 	/opt/homebrew/Cellar/openjdk@17/17.0.14/libexec/openjdk.jdk/Contents/Home/lib/libzip.dylib
0x00000001168dc000 	/opt/homebrew/Cellar/openjdk@17/17.0.14/libexec/openjdk.jdk/Contents/Home/lib/libverify.dylib
0x000000021df1c000 	/System/Library/PrivateFrameworks/CMPhoto.framework/Versions/A/CMPhoto
0x000000021c502000 	/System/Library/PrivateFrameworks/AppleJPEGXL.framework/Versions/A/AppleJPEGXL
0x0000000192c20000 	/System/Library/Frameworks/MediaToolbox.framework/Versions/A/MediaToolbox
0x0000000198ae2000 	/System/Library/PrivateFrameworks/CoreAVCHD.framework/Versions/A/CoreAVCHD
0x0000000198ade000 	/System/Library/PrivateFrameworks/Mangrove.framework/Versions/A/Mangrove
0x000000019ae16000 	/System/Library/PrivateFrameworks/CoreWiFi.framework/Versions/A/CoreWiFi
0x00000001990f2000 	/System/Library/Frameworks/CoreTelephony.framework/Versions/A/CoreTelephony
0x0000000198ad2000 	/System/Library/PrivateFrameworks/CoreAUC.framework/Versions/A/CoreAUC
0x00000001cfcb6000 	/System/Library/PrivateFrameworks/WiFiPeerToPeer.framework/Versions/A/WiFiPeerToPeer
0x000000019031f000 	/System/Library/Frameworks/UserNotifications.framework/Versions/A/UserNotifications
0x0000000194723000 	/usr/lib/libTelephonyUtilDynamic.dylib
0x00000001aeb23000 	/System/Library/PrivateFrameworks/MSUDataAccessor.framework/Versions/A/MSUDataAccessor
0x00000001bd735000 	/usr/lib/libpartition2_dynamic.dylib
0x00000001aacad000 	/usr/lib/libbootpolicy.dylib
0x00000001ae4f1000 	/System/Library/Frameworks/Accelerate.framework/Versions/A/Frameworks/vImage.framework/Versions/A/Libraries/libCGInterfaces.dylib
0x00000001578c4000 	/Library/Frameworks/R.framework/Versions/4.4-arm64/Resources/library/farver/libs/farver.so
0x0000000116c60000 	/Library/Frameworks/R.framework/Versions/4.4-arm64/Resources/modules/lapack.so
0x00000001579bc000 	/Library/Frameworks/R.framework/Versions/4.4-arm64/Resources/library/digest/libs/digest.so
0x0000000157d58000 	/Library/Frameworks/R.framework/Versions/4.4-arm64/Resources/library/utf8/libs/utf8.so
0x0000000157988000 	/Library/Frameworks/R.framework/Versions/4.4-arm64/Resources/library/ggdist/libs/ggdist.so
0x000000015d3f8000 	/Library/Frameworks/R.framework/Versions/4.4-arm64/Resources/library/readxl/libs/readxl.so


VM Arguments:
jvm_args: -Djava.awt.headless=true -Xmx512m -Xrs vfprintf exit -Xss2m 
java_command: <unknown>
java_class_path (initial): /Library/Frameworks/R.framework/Versions/4.4-arm64/Resources/library/rJava/java/boot
Launcher Type: generic

[Global flags]
     intx CICompilerCount                          = 4                                         {product} {ergonomic}
     uint ConcGCThreads                            = 2                                         {product} {ergonomic}
     uint G1ConcRefinementThreads                  = 8                                         {product} {ergonomic}
   size_t G1HeapRegionSize                         = 1048576                                   {product} {ergonomic}
    uintx GCDrainStackTargetSize                   = 64                                        {product} {ergonomic}
   size_t InitialHeapSize                          = 268435456                                 {product} {ergonomic}
   size_t MarkStackSize                            = 4194304                                   {product} {ergonomic}
   size_t MaxHeapSize                              = 536870912                                 {product} {command line}
   size_t MaxNewSize                               = 321912832                                 {product} {ergonomic}
   size_t MinHeapDeltaBytes                        = 1048576                                   {product} {ergonomic}
   size_t MinHeapSize                              = 8388608                                   {product} {ergonomic}
    uintx NonNMethodCodeHeapSize                   = 5839564                                {pd product} {ergonomic}
    uintx NonProfiledCodeHeapSize                  = 122909338                              {pd product} {ergonomic}
